2024-08-21 06:21:16,045 - bybit_access.py[line:19] - ERROR: Error occurred during get_tickers: ('Connection aborted.', ConnectionResetError(10054, '远程主机强迫关闭了一个现有的连接。', None, 10054, None))
2024-08-21 06:21:21,084 - bybit_access.py[line:19] - ERROR: Error occurred during get_tickers: ('Connection aborted.', ConnectionResetError(10054, '远程主机强迫关闭了一个现有的连接。', None, 10054, None))
2024-08-21 06:21:26,217 - bybit_access.py[line:19] - ERROR: Error occurred during get_tickers: ('Connection aborted.', ConnectionResetError(10054, '远程主机强迫关闭了一个现有的连接。', None, 10054, None))
2024-08-21 06:21:31,661 - bybit_access.py[line:19] - ERROR: Error occurred during get_tickers: ('Connection aborted.', ConnectionResetError(10054, '远程主机强迫关闭了一个现有的连接。', None, 10054, None))
2024-08-21 06:21:37,607 - bybit_access.py[line:19] - ERROR: Error occurred during get_tickers: ('Connection aborted.', ConnectionResetError(10054, '远程主机强迫关闭了一个现有的连接。', None, 10054, None))
2024-08-21 06:26:00,516 - realTrade.py[line:370] - INFO: Fetched 1000000MOGUSDT data.
2024-08-21 06:26:01,530 - realTrade.py[line:370] - INFO: Fetched 1000000PEIPEIUSDT data.
2024-08-21 06:26:02,367 - realTrade.py[line:370] - INFO: Fetched 10000WENUSDT data.
2024-08-21 06:26:03,131 - realTrade.py[line:370] - INFO: Fetched 1000APUUSDT data.
2024-08-21 06:26:04,378 - realTrade.py[line:370] - INFO: Fetched 1000FLOKIUSDT data.
2024-08-21 06:26:04,877 - realTrade.py[line:370] - INFO: Fetched 1000TURBOUSDT data.
2024-08-21 06:26:05,373 - realTrade.py[line:370] - INFO: Fetched 1INCHUSDT data.
2024-08-21 06:26:05,849 - realTrade.py[line:370] - INFO: Fetched ACEUSDT data.
2024-08-21 06:26:06,347 - realTrade.py[line:370] - INFO: Fetched ADAUSDT data.
2024-08-21 06:26:06,832 - realTrade.py[line:370] - INFO: Fetched AEROUSDT data.
2024-08-21 06:26:07,364 - realTrade.py[line:370] - INFO: Fetched AEVOUSDT data.
2024-08-21 06:26:07,852 - realTrade.py[line:370] - INFO: Fetched AGIUSDT data.
2024-08-21 06:26:08,339 - realTrade.py[line:370] - INFO: Fetched AGLDUSDT data.
2024-08-21 06:26:08,844 - realTrade.py[line:370] - INFO: Fetched AIOZUSDT data.
2024-08-21 06:26:09,335 - realTrade.py[line:370] - INFO: Fetched AIUSDT data.
2024-08-21 06:26:09,812 - realTrade.py[line:370] - INFO: Fetched AKTUSDT data.
2024-08-21 06:26:10,302 - realTrade.py[line:370] - INFO: Fetched ALICEUSDT data.
2024-08-21 06:26:10,801 - realTrade.py[line:370] - INFO: Fetched ALPACAUSDT data.
2024-08-21 06:26:11,297 - realTrade.py[line:370] - INFO: Fetched APEUSDT data.
2024-08-21 06:26:11,776 - realTrade.py[line:370] - INFO: Fetched APEXUSDT data.
2024-08-21 06:26:12,258 - realTrade.py[line:370] - INFO: Fetched API3USDT data.
2024-08-21 06:26:12,747 - realTrade.py[line:370] - INFO: Fetched APTUSDT data.
2024-08-21 06:26:13,257 - realTrade.py[line:370] - INFO: Fetched ARKMUSDT data.
2024-08-21 06:26:13,751 - realTrade.py[line:370] - INFO: Fetched ARKUSDT data.
2024-08-21 06:26:14,257 - realTrade.py[line:370] - INFO: Fetched AUDIOUSDT data.
2024-08-21 06:26:14,752 - realTrade.py[line:370] - INFO: Fetched AVAILUSDT data.
2024-08-21 06:26:15,232 - realTrade.py[line:370] - INFO: Fetched AXLUSDT data.
2024-08-21 06:26:15,713 - realTrade.py[line:370] - INFO: Fetched AXSUSDT data.
2024-08-21 06:26:16,194 - realTrade.py[line:370] - INFO: Fetched BADGERUSDT data.
2024-08-21 06:26:16,677 - realTrade.py[line:370] - INFO: Fetched BAKEUSDT data.
2024-08-21 06:26:17,177 - realTrade.py[line:370] - INFO: Fetched BALUSDT data.
2024-08-21 06:26:17,666 - realTrade.py[line:370] - INFO: Fetched BANDUSDT data.
2024-08-21 06:26:18,157 - realTrade.py[line:370] - INFO: Fetched BATUSDT data.
2024-08-21 06:26:18,645 - realTrade.py[line:370] - INFO: Fetched BBUSDT data.
2024-08-21 06:26:19,130 - realTrade.py[line:370] - INFO: Fetched BELUSDT data.
2024-08-21 06:26:19,621 - realTrade.py[line:370] - INFO: Fetched BLURUSDT data.
2024-08-21 06:26:32,520 - realTrade.py[line:370] - INFO: Fetched 1000000MOGUSDT data.
2024-08-21 06:26:32,978 - realTrade.py[line:370] - INFO: Fetched 1000000PEIPEIUSDT data.
2024-08-21 06:26:33,563 - realTrade.py[line:370] - INFO: Fetched 10000WENUSDT data.
2024-08-21 06:26:34,135 - realTrade.py[line:370] - INFO: Fetched 1000APUUSDT data.
2024-08-21 06:26:34,722 - realTrade.py[line:370] - INFO: Fetched 1000FLOKIUSDT data.
2024-08-21 06:26:35,154 - realTrade.py[line:370] - INFO: Fetched 1000TURBOUSDT data.
2024-08-21 06:26:35,584 - realTrade.py[line:370] - INFO: Fetched 1INCHUSDT data.
2024-08-21 06:26:36,011 - realTrade.py[line:370] - INFO: Fetched A8USDT data.
2024-08-21 06:26:36,440 - realTrade.py[line:370] - INFO: Fetched ACEUSDT data.
2024-08-21 06:26:36,869 - realTrade.py[line:370] - INFO: Fetched ADAUSDT data.
2024-08-21 06:26:37,303 - realTrade.py[line:370] - INFO: Fetched AEROUSDT data.
2024-08-21 06:26:37,758 - realTrade.py[line:370] - INFO: Fetched AEVOUSDT data.
2024-08-21 06:26:38,188 - realTrade.py[line:370] - INFO: Fetched AGIUSDT data.
2024-08-21 06:26:38,627 - realTrade.py[line:370] - INFO: Fetched AGLDUSDT data.
2024-08-21 06:26:39,062 - realTrade.py[line:370] - INFO: Fetched AIOZUSDT data.
2024-08-21 06:26:39,506 - realTrade.py[line:370] - INFO: Fetched AIUSDT data.
2024-08-21 06:26:39,935 - realTrade.py[line:370] - INFO: Fetched AKTUSDT data.
2024-08-21 06:26:40,352 - realTrade.py[line:370] - INFO: Fetched ALICEUSDT data.
2024-08-21 06:26:40,782 - realTrade.py[line:370] - INFO: Fetched ALPACAUSDT data.
2024-08-21 06:26:41,210 - realTrade.py[line:370] - INFO: Fetched APEUSDT data.
2024-08-21 06:26:41,648 - realTrade.py[line:370] - INFO: Fetched APEXUSDT data.
2024-08-21 06:26:42,067 - realTrade.py[line:370] - INFO: Fetched API3USDT data.
2024-08-21 06:26:42,501 - realTrade.py[line:370] - INFO: Fetched APTUSDT data.
2024-08-21 06:26:43,005 - realTrade.py[line:370] - INFO: Fetched ARKMUSDT data.
2024-08-21 06:26:43,440 - realTrade.py[line:370] - INFO: Fetched ARKUSDT data.
2024-08-21 06:26:43,861 - realTrade.py[line:370] - INFO: Fetched AUDIOUSDT data.
2024-08-21 06:26:44,290 - realTrade.py[line:370] - INFO: Fetched AVAILUSDT data.
2024-08-21 06:26:44,717 - realTrade.py[line:370] - INFO: Fetched AXLUSDT data.
2024-08-21 06:26:45,139 - realTrade.py[line:370] - INFO: Fetched AXSUSDT data.
2024-08-21 06:26:45,569 - realTrade.py[line:370] - INFO: Fetched BADGERUSDT data.
2024-08-21 06:26:46,006 - realTrade.py[line:370] - INFO: Fetched BAKEUSDT data.
2024-08-21 06:26:46,457 - realTrade.py[line:370] - INFO: Fetched BALUSDT data.
2024-08-21 06:26:46,885 - realTrade.py[line:370] - INFO: Fetched BANDUSDT data.
2024-08-21 06:26:47,311 - realTrade.py[line:370] - INFO: Fetched BATUSDT data.
2024-08-21 06:26:47,739 - realTrade.py[line:370] - INFO: Fetched BBUSDT data.
2024-08-21 06:26:48,184 - realTrade.py[line:370] - INFO: Fetched BELUSDT data.
2024-08-21 06:26:48,614 - realTrade.py[line:370] - INFO: Fetched BLURUSDT data.
2024-08-21 06:26:49,046 - realTrade.py[line:370] - INFO: Fetched BLZUSDT data.
2024-08-21 06:26:49,481 - realTrade.py[line:370] - INFO: Fetched BNTUSDT data.
2024-08-21 06:26:49,921 - realTrade.py[line:370] - INFO: Fetched BOBAUSDT data.
2024-08-21 06:26:50,351 - realTrade.py[line:370] - INFO: Fetched BONDUSDT data.
2024-08-21 06:26:50,802 - realTrade.py[line:370] - INFO: Fetched C98USDT data.
2024-08-21 06:26:51,270 - realTrade.py[line:370] - INFO: Fetched CAKEUSDT data.
2024-08-21 06:26:51,707 - realTrade.py[line:370] - INFO: Fetched CELOUSDT data.
2024-08-21 06:26:52,151 - realTrade.py[line:370] - INFO: Fetched CFXUSDT data.
2024-08-21 06:26:52,581 - realTrade.py[line:370] - INFO: Fetched CLOUDUSDT data.
2024-08-21 06:26:53,011 - realTrade.py[line:370] - INFO: Fetched COMBOUSDT data.
2024-08-21 06:26:53,514 - realTrade.py[line:370] - INFO: Fetched COREUSDT data.
2024-08-21 06:26:53,999 - realTrade.py[line:370] - INFO: Fetched CRVUSDT data.
2024-08-21 06:26:54,455 - realTrade.py[line:370] - INFO: Fetched CTKUSDT data.
2024-08-21 06:26:54,881 - realTrade.py[line:370] - INFO: Fetched CTSIUSDT data.
2024-08-21 06:26:55,305 - realTrade.py[line:370] - INFO: Fetched CVXUSDT data.
2024-08-21 06:26:55,737 - realTrade.py[line:370] - INFO: Fetched DAOUSDT data.
2024-08-21 06:26:56,168 - realTrade.py[line:370] - INFO: Fetched DARUSDT data.
2024-08-21 06:26:56,604 - realTrade.py[line:370] - INFO: Fetched DODOUSDT data.
2024-08-21 06:26:57,032 - realTrade.py[line:370] - INFO: Fetched DOGEUSDT data.
2024-08-21 06:26:57,459 - realTrade.py[line:370] - INFO: Fetched DOTUSDT data.
2024-08-21 06:26:57,889 - realTrade.py[line:370] - INFO: Fetched DRIFTUSDT data.
2024-08-21 06:26:58,322 - realTrade.py[line:370] - INFO: Fetched DUSKUSDT data.
2024-08-21 06:26:58,749 - realTrade.py[line:370] - INFO: Fetched DYDXUSDT data.
2024-08-21 06:26:59,184 - realTrade.py[line:370] - INFO: Fetched DYMUSDT data.
2024-08-21 06:26:59,612 - realTrade.py[line:370] - INFO: Fetched EDUUSDT data.
2024-08-21 06:27:00,047 - realTrade.py[line:370] - INFO: Fetched ENAUSDT data.
2024-08-21 06:27:00,482 - realTrade.py[line:370] - INFO: Fetched ENJUSDT data.
2024-08-21 06:27:00,919 - realTrade.py[line:370] - INFO: Fetched EOSUSDT data.
2024-08-21 06:27:01,348 - realTrade.py[line:370] - INFO: Fetched ETHFIUSDT data.
2024-08-21 06:27:01,778 - realTrade.py[line:370] - INFO: Fetched ETHWUSDT data.
2024-08-21 06:27:02,205 - realTrade.py[line:370] - INFO: Fetched FDUSDUSDT data.
2024-08-21 06:27:02,640 - realTrade.py[line:370] - INFO: Fetched FILUSDT data.
2024-08-21 06:27:03,069 - realTrade.py[line:370] - INFO: Fetched FIREUSDT data.
2024-08-21 06:27:03,510 - realTrade.py[line:370] - INFO: Fetched FLOWUSDT data.
2024-08-21 06:27:03,942 - realTrade.py[line:370] - INFO: Fetched FORTHUSDT data.
2024-08-21 06:27:04,361 - realTrade.py[line:370] - INFO: Fetched FRONTUSDT data.
2024-08-21 06:27:04,795 - realTrade.py[line:370] - INFO: Fetched FTMUSDT data.
2024-08-21 06:27:05,227 - realTrade.py[line:370] - INFO: Fetched FTNUSDT data.
2024-08-21 06:27:05,656 - realTrade.py[line:370] - INFO: Fetched FXSUSDT data.
2024-08-21 06:27:06,077 - realTrade.py[line:370] - INFO: Fetched GASUSDT data.
2024-08-21 06:27:06,511 - realTrade.py[line:370] - INFO: Fetched GLMRUSDT data.
2024-08-21 06:27:06,936 - realTrade.py[line:370] - INFO: Fetched GLMUSDT data.
2024-08-21 06:27:07,363 - realTrade.py[line:370] - INFO: Fetched GMTUSDT data.
2024-08-21 06:27:07,794 - realTrade.py[line:370] - INFO: Fetched GODSUSDT data.
2024-08-21 06:27:08,226 - realTrade.py[line:370] - INFO: Fetched GRTUSDT data.
2024-08-21 06:27:08,657 - realTrade.py[line:370] - INFO: Fetched HFTUSDT data.
2024-08-21 06:27:09,075 - realTrade.py[line:370] - INFO: Fetched HIFIUSDT data.
2024-08-21 06:27:09,511 - realTrade.py[line:370] - INFO: Fetched HIGHUSDT data.
2024-08-21 06:27:10,003 - realTrade.py[line:370] - INFO: Fetched HOOKUSDT data.
2024-08-21 06:27:10,692 - realTrade.py[line:370] - INFO: Fetched ICXUSDT data.
2024-08-21 06:27:11,719 - realTrade.py[line:370] - INFO: Fetched IDUSDT data.
2024-08-21 06:27:12,257 - realTrade.py[line:370] - INFO: Fetched IMXUSDT data.
2024-08-21 06:27:12,754 - realTrade.py[line:370] - INFO: Fetched IOTAUSDT data.
2024-08-21 06:27:13,184 - realTrade.py[line:370] - INFO: Fetched IOUSDT data.
2024-08-21 06:27:13,604 - realTrade.py[line:370] - INFO: Fetched JOEUSDT data.
2024-08-21 06:27:14,028 - realTrade.py[line:370] - INFO: Fetched JTOUSDT data.
2024-08-21 06:27:14,460 - realTrade.py[line:370] - INFO: Fetched JUPUSDT data.
2024-08-21 06:27:14,885 - realTrade.py[line:370] - INFO: Fetched KASUSDT data.
2024-08-21 06:27:15,315 - realTrade.py[line:370] - INFO: Fetched KAVAUSDT data.
2024-08-21 06:27:15,781 - realTrade.py[line:370] - INFO: Fetched KDAUSDT data.
2024-08-21 06:27:16,297 - realTrade.py[line:370] - INFO: Fetched KLAYUSDT data.
2024-08-21 06:27:16,898 - realTrade.py[line:370] - INFO: Fetched KNCUSDT data.
2024-08-21 06:27:17,317 - realTrade.py[line:370] - INFO: Fetched LDOUSDT data.
2024-08-21 06:27:17,739 - realTrade.py[line:370] - INFO: Fetched LISTAUSDT data.
2024-08-21 06:27:18,178 - realTrade.py[line:370] - INFO: Fetched LITUSDT data.
2024-08-21 06:27:18,604 - realTrade.py[line:370] - INFO: Fetched LQTYUSDT data.
2024-08-21 06:27:19,032 - realTrade.py[line:370] - INFO: Fetched LRCUSDT data.
2024-08-21 06:27:19,461 - realTrade.py[line:370] - INFO: Fetched LSKUSDT data.
2024-08-21 06:27:19,891 - realTrade.py[line:370] - INFO: Fetched LTOUSDT data.
2024-08-21 06:27:20,318 - realTrade.py[line:370] - INFO: Fetched LUNA2USDT data.
2024-08-21 06:27:20,749 - realTrade.py[line:370] - INFO: Fetched MAGICUSDT data.
2024-08-21 06:27:21,184 - realTrade.py[line:370] - INFO: Fetched MANAUSDT data.
2024-08-21 06:27:21,612 - realTrade.py[line:370] - INFO: Fetched MANTAUSDT data.
2024-08-21 06:27:22,035 - realTrade.py[line:370] - INFO: Fetched MASKUSDT data.
2024-08-21 06:27:22,463 - realTrade.py[line:370] - INFO: Fetched MATICUSDT data.
2024-08-21 06:27:22,889 - realTrade.py[line:370] - INFO: Fetched MAVIAUSDT data.
2024-08-21 06:27:23,313 - realTrade.py[line:370] - INFO: Fetched MAVUSDT data.
2024-08-21 06:27:23,739 - realTrade.py[line:370] - INFO: Fetched MAXUSDT data.
2024-08-21 06:27:24,165 - realTrade.py[line:370] - INFO: Fetched MBOXUSDT data.
2024-08-21 06:27:24,602 - realTrade.py[line:370] - INFO: Fetched MERLUSDT data.
2024-08-21 06:27:25,028 - realTrade.py[line:370] - INFO: Fetched MINAUSDT data.
2024-08-21 06:27:25,481 - realTrade.py[line:370] - INFO: Fetched MNTUSDT data.
2024-08-21 06:27:25,913 - realTrade.py[line:370] - INFO: Fetched MOCAUSDT data.
2024-08-21 06:27:26,341 - realTrade.py[line:370] - INFO: Fetched MONUSDT data.
2024-08-21 06:27:26,768 - realTrade.py[line:370] - INFO: Fetched MTLUSDT data.
2024-08-21 06:27:27,190 - realTrade.py[line:370] - INFO: Fetched NEARUSDT data.
2024-08-21 06:27:27,620 - realTrade.py[line:370] - INFO: Fetched NEIROETHUSDT data.
2024-08-21 06:27:28,050 - realTrade.py[line:370] - INFO: Fetched NFPUSDT data.
2024-08-21 06:27:28,474 - realTrade.py[line:370] - INFO: Fetched NTRNUSDT data.
2024-08-21 06:27:28,902 - realTrade.py[line:370] - INFO: Fetched OGUSDT data.
2024-08-21 06:27:29,328 - realTrade.py[line:370] - INFO: Fetched OMGUSDT data.
2024-08-21 06:27:29,762 - realTrade.py[line:370] - INFO: Fetched OMUSDT data.
2024-08-21 06:27:30,186 - realTrade.py[line:370] - INFO: Fetched ONDOUSDT data.
2024-08-21 06:27:30,623 - realTrade.py[line:370] - INFO: Fetched ONGUSDT data.
2024-08-21 06:27:31,068 - realTrade.py[line:370] - INFO: Fetched ONTUSDT data.
2024-08-21 06:27:31,499 - realTrade.py[line:370] - INFO: Fetched OPUSDT data.
2024-08-21 06:27:31,937 - realTrade.py[line:370] - INFO: Fetched ORCAUSDT data.
2024-08-21 06:27:32,360 - realTrade.py[line:370] - INFO: Fetched ORNUSDT data.
2024-08-21 06:27:32,798 - realTrade.py[line:370] - INFO: Fetched OSMOUSDT data.
2024-08-21 06:27:33,248 - realTrade.py[line:370] - INFO: Fetched PENDLEUSDT data.
2024-08-21 06:27:33,674 - realTrade.py[line:370] - INFO: Fetched PENGUSDT data.
2024-08-21 06:27:34,107 - realTrade.py[line:370] - INFO: Fetched PERPUSDT data.
2024-08-21 06:27:34,556 - realTrade.py[line:370] - INFO: Fetched PHAUSDT data.
2024-08-21 06:27:34,986 - realTrade.py[line:370] - INFO: Fetched PHBUSDT data.
2024-08-21 06:27:35,412 - realTrade.py[line:370] - INFO: Fetched PIRATEUSDT data.
2024-08-21 06:27:35,841 - realTrade.py[line:370] - INFO: Fetched PIXELUSDT data.
2024-08-21 06:27:36,272 - realTrade.py[line:370] - INFO: Fetched POLYXUSDT data.
2024-08-21 06:27:36,721 - realTrade.py[line:370] - INFO: Fetched PONKEUSDT data.
2024-08-21 06:27:37,144 - realTrade.py[line:370] - INFO: Fetched POPCATUSDT data.
2024-08-21 06:27:37,595 - realTrade.py[line:370] - INFO: Fetched PORTALUSDT data.
2024-08-21 06:27:38,028 - realTrade.py[line:370] - INFO: Fetched POWRUSDT data.
2024-08-21 06:27:38,458 - realTrade.py[line:370] - INFO: Fetched PRCLUSDT data.
2024-08-21 06:27:38,902 - realTrade.py[line:370] - INFO: Fetched PRE02ZROUSDT data.
2024-08-21 06:27:39,328 - realTrade.py[line:370] - INFO: Fetched PRE03EOSUSDT data.
2024-08-21 06:27:39,747 - realTrade.py[line:370] - INFO: Fetched PRE05EOSUSDT data.
2024-08-21 06:27:40,249 - realTrade.py[line:370] - INFO: Fetched PRE06EOSUSDT data.
2024-08-21 06:27:40,674 - realTrade.py[line:370] - INFO: Fetched PREEIGENUSDT data.
2024-08-21 06:27:41,104 - realTrade.py[line:370] - INFO: Fetched PROMUSDT data.
2024-08-21 06:27:41,560 - realTrade.py[line:370] - INFO: Fetched PYTHUSDT data.
2024-08-21 06:27:41,990 - realTrade.py[line:370] - INFO: Fetched QTUMUSDT data.
2024-08-21 06:27:42,410 - realTrade.py[line:370] - INFO: Fetched RADUSDT data.
2024-08-21 06:27:42,841 - realTrade.py[line:370] - INFO: Fetched RAREUSDT data.
2024-08-21 06:27:43,266 - realTrade.py[line:370] - INFO: Fetched RAYDIUMUSDT data.
2024-08-21 06:27:43,688 - realTrade.py[line:370] - INFO: Fetched RAYUSDT data.
2024-08-21 06:27:44,221 - realTrade.py[line:370] - INFO: Fetched RENDERUSDT data.
2024-08-21 06:27:44,655 - realTrade.py[line:370] - INFO: Fetched RLCUSDT data.
2024-08-21 06:27:45,080 - realTrade.py[line:370] - INFO: Fetched RONUSDT data.
2024-08-21 06:27:45,524 - realTrade.py[line:370] - INFO: Fetched RUNEUSDT data.
2024-08-21 06:27:45,952 - realTrade.py[line:370] - INFO: Fetched SAGAUSDT data.
2024-08-21 06:27:46,382 - realTrade.py[line:370] - INFO: Fetched SANDUSDT data.
2024-08-21 06:27:46,828 - realTrade.py[line:370] - INFO: Fetched SCAUSDT data.
2024-08-21 06:27:47,258 - realTrade.py[line:370] - INFO: Fetched SFPUSDT data.
2024-08-21 06:27:47,689 - realTrade.py[line:370] - INFO: Fetched SLERFUSDT data.
2024-08-21 06:27:48,125 - realTrade.py[line:370] - INFO: Fetched SNXUSDT data.
2024-08-21 06:27:48,551 - realTrade.py[line:370] - INFO: Fetched SPECUSDT data.
2024-08-21 06:27:48,981 - realTrade.py[line:370] - INFO: Fetched STEEMUSDT data.
2024-08-21 06:27:49,441 - realTrade.py[line:370] - INFO: Fetched STGUSDT data.
2024-08-21 06:27:49,872 - realTrade.py[line:370] - INFO: Fetched STORJUSDT data.
2024-08-21 06:27:50,300 - realTrade.py[line:370] - INFO: Fetched STRKUSDT data.
2024-08-21 06:27:50,725 - realTrade.py[line:370] - INFO: Fetched SUIUSDT data.
2024-08-21 06:27:51,152 - realTrade.py[line:370] - INFO: Fetched SUPERUSDT data.
2024-08-21 06:27:51,585 - realTrade.py[line:370] - INFO: Fetched SUSHIUSDT data.
2024-08-21 06:27:52,021 - realTrade.py[line:370] - INFO: Fetched SXPUSDT data.
2024-08-21 06:27:52,416 - realTrade.py[line:370] - INFO: Fetched SYNUSDT data.
2024-08-21 06:27:52,904 - realTrade.py[line:370] - INFO: Fetched SYSUSDT data.
2024-08-21 06:27:53,339 - realTrade.py[line:370] - INFO: Fetched TAIKOUSDT data.
2024-08-21 06:27:53,759 - realTrade.py[line:370] - INFO: Fetched THETAUSDT data.
2024-08-21 06:27:54,190 - realTrade.py[line:370] - INFO: Fetched TIAUSDT data.
2024-08-21 06:27:54,627 - realTrade.py[line:370] - INFO: Fetched TRXUSDT data.
2024-08-21 06:27:55,063 - realTrade.py[line:370] - INFO: Fetched TWTUSDT data.
2024-08-21 06:27:55,490 - realTrade.py[line:370] - INFO: Fetched UMAUSDT data.
2024-08-21 06:27:55,919 - realTrade.py[line:370] - INFO: Fetched UNIUSDT data.
2024-08-21 06:27:56,340 - realTrade.py[line:370] - INFO: Fetched USDCUSDT data.
2024-08-21 06:27:56,757 - realTrade.py[line:370] - INFO: Fetched USDEUSDT data.
2024-08-21 06:27:57,191 - realTrade.py[line:370] - INFO: Fetched UXLINKUSDT data.
2024-08-21 06:27:57,622 - realTrade.py[line:370] - INFO: Fetched WAVESUSDT data.
2024-08-21 06:27:58,055 - realTrade.py[line:370] - INFO: Fetched WIFUSDT data.
2024-08-21 06:27:58,478 - realTrade.py[line:370] - INFO: Fetched WOOUSDT data.
2024-08-21 06:27:58,913 - realTrade.py[line:370] - INFO: Fetched WUSDT data.
2024-08-21 06:27:59,356 - realTrade.py[line:370] - INFO: Fetched XAIUSDT data.
2024-08-21 06:27:59,862 - realTrade.py[line:370] - INFO: Fetched XRPUSDT data.
2024-08-21 06:28:00,289 - realTrade.py[line:370] - INFO: Fetched XTZUSDT data.
2024-08-21 06:28:00,724 - realTrade.py[line:370] - INFO: Fetched XVSUSDT data.
2024-08-21 06:28:01,259 - realTrade.py[line:370] - INFO: Fetched YGGUSDT data.
2024-08-21 06:28:01,685 - realTrade.py[line:370] - INFO: Fetched ZETAUSDT data.
2024-08-21 06:28:02,128 - realTrade.py[line:370] - INFO: Fetched ZEUSUSDT data.
2024-08-21 06:28:02,594 - realTrade.py[line:370] - INFO: Fetched ZKJUSDT data.
2024-08-21 06:28:03,036 - realTrade.py[line:370] - INFO: Fetched ZKUSDT data.
2024-08-21 06:28:03,467 - realTrade.py[line:370] - INFO: Fetched ZROUSDT data.
2024-08-21 06:28:03,900 - realTrade.py[line:370] - INFO: Fetched ZRXUSDT data.
2024-08-21 06:28:03,900 - realTrade.py[line:138] - INFO: Fetched data.
2024-08-21 06:38:09,509 - realTrade.py[line:156] - INFO: Primary filter: A_group: ['PRCLUSDT', 'SLERFUSDT', 'ADAUSDT', 'ETHFIUSDT', 'ZETAUSDT', 'ACEUSDT', 'LSKUSDT', 'CAKEUSDT', 'PYTHUSDT', 'STEEMUSDT', 'ZEUSUSDT', 'CFXUSDT', 'IMXUSDT', 'THETAUSDT', 'PERPUSDT'], B_group: []
2024-08-21 06:39:00,299 - bybit_access.py[line:50] - ERROR: Error occurred during get_marginBalance: Authenticated endpoints require keys.
2024-08-21 06:39:00,299 - bybit_access.py[line:50] - ERROR: Error occurred during get_marginBalance: Authenticated endpoints require keys.
2024-08-21 06:39:00,409 - bybit_access.py[line:50] - ERROR: Error occurred during get_marginBalance: Authenticated endpoints require keys.
2024-08-21 06:39:00,825 - bybit_access.py[line:50] - ERROR: Error occurred during get_marginBalance: Authenticated endpoints require keys.
2024-08-21 06:39:01,742 - bybit_access.py[line:50] - ERROR: Error occurred during get_marginBalance: Authenticated endpoints require keys.
2024-08-21 07:06:51,817 - realTrade.py[line:372] - INFO: Fetched 1000000MOGUSDT data.
2024-08-21 07:06:52,369 - realTrade.py[line:372] - INFO: Fetched 1000000PEIPEIUSDT data.
2024-08-21 07:06:52,836 - realTrade.py[line:372] - INFO: Fetched 10000WENUSDT data.
2024-08-21 07:06:53,242 - realTrade.py[line:372] - INFO: Fetched 1000APUUSDT data.
2024-08-21 07:06:53,684 - realTrade.py[line:372] - INFO: Fetched 1000FLOKIUSDT data.
2024-08-21 07:06:54,117 - realTrade.py[line:372] - INFO: Fetched 1000TURBOUSDT data.
2024-08-21 07:06:54,524 - realTrade.py[line:372] - INFO: Fetched 1INCHUSDT data.
2024-08-21 07:06:54,929 - realTrade.py[line:372] - INFO: Fetched ACEUSDT data.
2024-08-21 07:06:55,462 - realTrade.py[line:372] - INFO: Fetched ADAUSDT data.
2024-08-21 07:06:55,866 - realTrade.py[line:372] - INFO: Fetched AEROUSDT data.
2024-08-21 07:06:56,390 - realTrade.py[line:372] - INFO: Fetched AEVOUSDT data.
2024-08-21 07:06:56,864 - realTrade.py[line:372] - INFO: Fetched AGIUSDT data.
2024-08-21 07:06:57,268 - realTrade.py[line:372] - INFO: Fetched AGLDUSDT data.
2024-08-21 07:06:57,672 - realTrade.py[line:372] - INFO: Fetched AIOZUSDT data.
2024-08-21 07:06:58,067 - realTrade.py[line:372] - INFO: Fetched AIUSDT data.
2024-08-21 07:06:58,470 - realTrade.py[line:372] - INFO: Fetched AKTUSDT data.
2024-08-21 07:06:58,874 - realTrade.py[line:372] - INFO: Fetched ALGOUSDT data.
2024-08-21 07:06:59,406 - realTrade.py[line:372] - INFO: Fetched ALICEUSDT data.
2024-08-21 07:06:59,830 - realTrade.py[line:372] - INFO: Fetched ALPACAUSDT data.
2024-08-21 07:07:00,234 - realTrade.py[line:372] - INFO: Fetched APEUSDT data.
2024-08-21 07:07:00,627 - realTrade.py[line:372] - INFO: Fetched API3USDT data.
2024-08-21 07:07:01,038 - realTrade.py[line:372] - INFO: Fetched APTUSDT data.
2024-08-21 07:07:01,446 - realTrade.py[line:372] - INFO: Fetched ARBUSDT data.
2024-08-21 07:07:01,851 - realTrade.py[line:372] - INFO: Fetched ARKMUSDT data.
2024-08-21 07:07:02,517 - realTrade.py[line:372] - INFO: Fetched ARKUSDT data.
2024-08-21 07:07:03,188 - realTrade.py[line:372] - INFO: Fetched ATOMUSDT data.
2024-08-21 07:07:03,663 - realTrade.py[line:372] - INFO: Fetched AUDIOUSDT data.
2024-08-21 07:07:04,062 - realTrade.py[line:372] - INFO: Fetched AVAILUSDT data.
2024-08-21 07:07:04,600 - realTrade.py[line:372] - INFO: Fetched AXLUSDT data.
2024-08-21 07:07:05,281 - realTrade.py[line:372] - INFO: Fetched AXSUSDT data.
2024-08-21 07:07:05,699 - realTrade.py[line:372] - INFO: Fetched BADGERUSDT data.
2024-08-21 07:07:06,497 - realTrade.py[line:372] - INFO: Fetched BAKEUSDT data.
2024-08-21 07:07:06,892 - realTrade.py[line:372] - INFO: Fetched BALUSDT data.
2024-08-21 07:07:07,424 - realTrade.py[line:372] - INFO: Fetched BANDUSDT data.
2024-08-21 07:07:08,104 - realTrade.py[line:372] - INFO: Fetched BATUSDT data.
2024-08-21 07:07:08,508 - realTrade.py[line:372] - INFO: Fetched BBUSDT data.
2024-08-21 07:07:08,911 - realTrade.py[line:372] - INFO: Fetched BELUSDT data.
2024-08-21 07:07:09,616 - realTrade.py[line:372] - INFO: Fetched BICOUSDT data.
2024-08-21 07:07:10,054 - realTrade.py[line:372] - INFO: Fetched BLURUSDT data.
2024-08-21 07:07:10,455 - realTrade.py[line:372] - INFO: Fetched BLZUSDT data.
2024-08-21 07:07:10,991 - realTrade.py[line:372] - INFO: Fetched BNTUSDT data.
2024-08-21 07:07:11,524 - realTrade.py[line:372] - INFO: Fetched BNXUSDT data.
2024-08-21 07:07:12,202 - realTrade.py[line:372] - INFO: Fetched BOBAUSDT data.
2024-08-21 07:07:12,611 - realTrade.py[line:372] - INFO: Fetched BONDUSDT data.
2024-08-21 07:07:13,005 - realTrade.py[line:372] - INFO: Fetched C98USDT data.
2024-08-21 07:07:13,413 - realTrade.py[line:372] - INFO: Fetched CAKEUSDT data.
2024-08-21 07:07:13,817 - realTrade.py[line:372] - INFO: Fetched CELOUSDT data.
2024-08-21 07:07:14,228 - realTrade.py[line:372] - INFO: Fetched CFXUSDT data.
2024-08-21 07:07:14,639 - realTrade.py[line:372] - INFO: Fetched CHRUSDT data.
2024-08-21 07:07:15,038 - realTrade.py[line:372] - INFO: Fetched CLOUDUSDT data.
2024-08-21 07:07:15,434 - realTrade.py[line:372] - INFO: Fetched COMBOUSDT data.
2024-08-21 07:07:15,977 - realTrade.py[line:372] - INFO: Fetched COREUSDT data.
2024-08-21 07:07:16,376 - realTrade.py[line:372] - INFO: Fetched CRVUSDT data.
2024-08-21 07:07:16,779 - realTrade.py[line:372] - INFO: Fetched CTCUSDT data.
2024-08-21 07:07:17,187 - realTrade.py[line:372] - INFO: Fetched CTKUSDT data.
2024-08-21 07:07:17,600 - realTrade.py[line:372] - INFO: Fetched CTSIUSDT data.
2024-08-21 07:07:18,005 - realTrade.py[line:372] - INFO: Fetched CVXUSDT data.
2024-08-21 07:07:18,401 - realTrade.py[line:372] - INFO: Fetched CYBERUSDT data.
2024-08-21 07:07:18,811 - realTrade.py[line:372] - INFO: Fetched DAOUSDT data.
2024-08-21 07:07:19,212 - realTrade.py[line:372] - INFO: Fetched DARUSDT data.
2024-08-21 07:07:19,631 - realTrade.py[line:372] - INFO: Fetched DODOUSDT data.
2024-08-21 07:07:20,033 - realTrade.py[line:372] - INFO: Fetched DOGEUSDT data.
2024-08-21 07:07:20,446 - realTrade.py[line:372] - INFO: Fetched DOTUSDT data.
2024-08-21 07:07:20,852 - realTrade.py[line:372] - INFO: Fetched DRIFTUSDT data.
2024-08-21 07:07:21,263 - realTrade.py[line:372] - INFO: Fetched DUSKUSDT data.
2024-08-21 07:07:21,668 - realTrade.py[line:372] - INFO: Fetched DYDXUSDT data.
2024-08-21 07:07:22,088 - realTrade.py[line:372] - INFO: Fetched DYMUSDT data.
2024-08-21 07:07:22,485 - realTrade.py[line:372] - INFO: Fetched EDUUSDT data.
2024-08-21 07:07:22,906 - realTrade.py[line:372] - INFO: Fetched EIGENUSDT data.
2024-08-21 07:07:23,322 - realTrade.py[line:372] - INFO: Fetched ENAUSDT data.
2024-08-21 07:07:23,734 - realTrade.py[line:372] - INFO: Fetched ENJUSDT data.
2024-08-21 07:07:24,144 - realTrade.py[line:372] - INFO: Fetched EOSUSDT data.
2024-08-21 07:07:24,554 - realTrade.py[line:372] - INFO: Fetched ETHFIUSDT data.
2024-08-21 07:07:24,983 - realTrade.py[line:372] - INFO: Fetched ETHWUSDT data.
2024-08-21 07:07:25,382 - realTrade.py[line:372] - INFO: Fetched FDUSDUSDT data.
2024-08-21 07:07:25,828 - realTrade.py[line:372] - INFO: Fetched FILUSDT data.
2024-08-21 07:07:26,240 - realTrade.py[line:372] - INFO: Fetched FIREUSDT data.
2024-08-21 07:07:26,644 - realTrade.py[line:372] - INFO: Fetched FLOWUSDT data.
2024-08-21 07:07:27,063 - realTrade.py[line:372] - INFO: Fetched FORTHUSDT data.
2024-08-21 07:07:27,466 - realTrade.py[line:372] - INFO: Fetched FRONTUSDT data.
2024-08-21 07:07:27,883 - realTrade.py[line:372] - INFO: Fetched FTMUSDT data.
2024-08-21 07:07:28,277 - realTrade.py[line:372] - INFO: Fetched FTNUSDT data.
2024-08-21 07:07:28,689 - realTrade.py[line:372] - INFO: Fetched FXSUSDT data.
2024-08-21 07:07:29,100 - realTrade.py[line:372] - INFO: Fetched GASUSDT data.
2024-08-21 07:07:29,517 - realTrade.py[line:372] - INFO: Fetched GLMRUSDT data.
2024-08-21 07:07:29,927 - realTrade.py[line:372] - INFO: Fetched GLMUSDT data.
2024-08-21 07:07:30,464 - realTrade.py[line:372] - INFO: Fetched GMTUSDT data.
2024-08-21 07:07:31,239 - realTrade.py[line:372] - INFO: Fetched GODSUSDT data.
2024-08-21 07:07:31,656 - realTrade.py[line:372] - INFO: Fetched GRTUSDT data.
2024-08-21 07:07:32,139 - realTrade.py[line:372] - INFO: Fetched GTCUSDT data.
2024-08-21 07:07:32,554 - realTrade.py[line:372] - INFO: Fetched HFTUSDT data.
2024-08-21 07:07:32,962 - realTrade.py[line:372] - INFO: Fetched HIFIUSDT data.
2024-08-21 07:07:33,377 - realTrade.py[line:372] - INFO: Fetched HIGHUSDT data.
2024-08-21 07:07:33,780 - realTrade.py[line:372] - INFO: Fetched HOOKUSDT data.
2024-08-21 07:07:34,182 - realTrade.py[line:372] - INFO: Fetched ICXUSDT data.
2024-08-21 07:07:34,617 - realTrade.py[line:372] - INFO: Fetched IDUSDT data.
2024-08-21 07:07:35,053 - realTrade.py[line:372] - INFO: Fetched IMXUSDT data.
2024-08-21 07:07:35,462 - realTrade.py[line:372] - INFO: Fetched IOTAUSDT data.
2024-08-21 07:07:35,878 - realTrade.py[line:372] - INFO: Fetched IOUSDT data.
2024-08-21 07:07:36,375 - realTrade.py[line:372] - INFO: Fetched JOEUSDT data.
2024-08-21 07:07:36,777 - realTrade.py[line:372] - INFO: Fetched JTOUSDT data.
2024-08-21 07:07:37,180 - realTrade.py[line:372] - INFO: Fetched JUPUSDT data.
2024-08-21 07:07:37,593 - realTrade.py[line:372] - INFO: Fetched KASUSDT data.
2024-08-21 07:07:38,011 - realTrade.py[line:372] - INFO: Fetched KAVAUSDT data.
2024-08-21 07:07:38,416 - realTrade.py[line:372] - INFO: Fetched KDAUSDT data.
2024-08-21 07:07:38,825 - realTrade.py[line:372] - INFO: Fetched KLAYUSDT data.
2024-08-21 07:07:39,503 - realTrade.py[line:372] - INFO: Fetched KNCUSDT data.
2024-08-21 07:07:39,919 - realTrade.py[line:372] - INFO: Fetched LDOUSDT data.
2024-08-21 07:07:40,330 - realTrade.py[line:372] - INFO: Fetched LISTAUSDT data.
2024-08-21 07:07:40,730 - realTrade.py[line:372] - INFO: Fetched LITUSDT data.
2024-08-21 07:07:41,150 - realTrade.py[line:372] - INFO: Fetched LQTYUSDT data.
2024-08-21 07:07:41,563 - realTrade.py[line:372] - INFO: Fetched LRCUSDT data.
2024-08-21 07:07:41,987 - realTrade.py[line:372] - INFO: Fetched LSKUSDT data.
2024-08-21 07:07:42,391 - realTrade.py[line:372] - INFO: Fetched LTOUSDT data.
2024-08-21 07:07:42,934 - realTrade.py[line:372] - INFO: Fetched LUNA2USDT data.
2024-08-21 07:07:43,367 - realTrade.py[line:372] - INFO: Fetched MAGICUSDT data.
2024-08-21 07:07:43,784 - realTrade.py[line:372] - INFO: Fetched MANAUSDT data.
2024-08-21 07:07:44,309 - realTrade.py[line:372] - INFO: Fetched MANTAUSDT data.
2024-08-21 07:07:44,806 - realTrade.py[line:372] - INFO: Fetched MASKUSDT data.
2024-08-21 07:07:45,338 - realTrade.py[line:372] - INFO: Fetched MATICUSDT data.
2024-08-21 07:07:45,846 - realTrade.py[line:372] - INFO: Fetched MAVIAUSDT data.
2024-08-21 07:07:46,402 - realTrade.py[line:372] - INFO: Fetched MAVUSDT data.
2024-08-21 07:07:46,968 - realTrade.py[line:372] - INFO: Fetched MAXUSDT data.
2024-08-21 07:07:47,500 - realTrade.py[line:372] - INFO: Fetched MBOXUSDT data.
2024-08-21 07:07:48,037 - realTrade.py[line:372] - INFO: Fetched MERLUSDT data.
2024-08-21 07:07:48,560 - realTrade.py[line:372] - INFO: Fetched MINAUSDT data.
2024-08-21 07:07:49,113 - realTrade.py[line:372] - INFO: Fetched MNTUSDT data.
2024-08-21 07:07:49,636 - realTrade.py[line:372] - INFO: Fetched MOCAUSDT data.
2024-08-21 07:07:50,155 - realTrade.py[line:372] - INFO: Fetched MONUSDT data.
2024-08-21 07:07:50,664 - realTrade.py[line:372] - INFO: Fetched MTLUSDT data.
2024-08-21 07:07:51,184 - realTrade.py[line:372] - INFO: Fetched NEARUSDT data.
2024-08-21 07:07:51,727 - realTrade.py[line:372] - INFO: Fetched NEIROETHUSDT data.
2024-08-21 07:07:52,263 - realTrade.py[line:372] - INFO: Fetched NFPUSDT data.
2024-08-21 07:07:52,757 - realTrade.py[line:372] - INFO: Fetched NTRNUSDT data.
2024-08-21 07:07:53,265 - realTrade.py[line:372] - INFO: Fetched OGUSDT data.
2024-08-21 07:07:53,818 - realTrade.py[line:372] - INFO: Fetched OMGUSDT data.
2024-08-21 07:07:54,335 - realTrade.py[line:372] - INFO: Fetched OMUSDT data.
2024-08-21 07:07:54,861 - realTrade.py[line:372] - INFO: Fetched ONDOUSDT data.
2024-08-21 07:07:55,480 - realTrade.py[line:372] - INFO: Fetched ONGUSDT data.
2024-08-21 07:07:56,004 - realTrade.py[line:372] - INFO: Fetched ONTUSDT data.
2024-08-21 07:07:56,818 - realTrade.py[line:372] - INFO: Fetched OPUSDT data.
2024-08-21 07:07:57,403 - realTrade.py[line:372] - INFO: Fetched ORCAUSDT data.
2024-08-21 07:07:58,007 - realTrade.py[line:372] - INFO: Fetched ORNUSDT data.
2024-08-21 07:07:58,626 - realTrade.py[line:372] - INFO: Fetched OSMOUSDT data.
2024-08-21 07:07:59,233 - realTrade.py[line:372] - INFO: Fetched PENDLEUSDT data.
2024-08-21 07:07:59,755 - realTrade.py[line:372] - INFO: Fetched PENGUSDT data.
2024-08-21 07:08:00,269 - realTrade.py[line:372] - INFO: Fetched PERPUSDT data.
2024-08-21 07:08:00,880 - realTrade.py[line:372] - INFO: Fetched PHAUSDT data.
2024-08-21 07:08:01,496 - realTrade.py[line:372] - INFO: Fetched PHBUSDT data.
2024-08-21 07:08:02,269 - realTrade.py[line:372] - INFO: Fetched PIRATEUSDT data.
2024-08-21 07:08:02,866 - realTrade.py[line:372] - INFO: Fetched PIXELUSDT data.
2024-08-21 07:08:03,478 - realTrade.py[line:372] - INFO: Fetched POLYXUSDT data.
2024-08-21 07:08:04,055 - realTrade.py[line:372] - INFO: Fetched PONKEUSDT data.
2024-08-21 07:08:04,605 - realTrade.py[line:372] - INFO: Fetched POPCATUSDT data.
2024-08-21 07:08:05,152 - realTrade.py[line:372] - INFO: Fetched PORTALUSDT data.
2024-08-21 07:08:05,671 - realTrade.py[line:372] - INFO: Fetched POWRUSDT data.
2024-08-21 07:08:06,219 - realTrade.py[line:372] - INFO: Fetched PRCLUSDT data.
2024-08-21 07:08:06,744 - realTrade.py[line:372] - INFO: Fetched PROMUSDT data.
2024-08-21 07:08:07,360 - realTrade.py[line:372] - INFO: Fetched PYTHUSDT data.
2024-08-21 07:08:07,924 - realTrade.py[line:372] - INFO: Fetched QTUMUSDT data.
2024-08-21 07:08:08,452 - realTrade.py[line:372] - INFO: Fetched RADUSDT data.
2024-08-21 07:08:08,981 - realTrade.py[line:372] - INFO: Fetched RAREUSDT data.
2024-08-21 07:08:09,511 - realTrade.py[line:372] - INFO: Fetched RAYDIUMUSDT data.
2024-08-21 07:08:10,036 - realTrade.py[line:372] - INFO: Fetched RENDERUSDT data.
2024-08-21 07:08:10,632 - realTrade.py[line:372] - INFO: Fetched REQUSDT data.
2024-08-21 07:08:11,150 - realTrade.py[line:372] - INFO: Fetched RLCUSDT data.
2024-08-21 07:08:11,676 - realTrade.py[line:372] - INFO: Fetched RONUSDT data.
2024-08-21 07:08:12,212 - realTrade.py[line:372] - INFO: Fetched RSS3USDT data.
2024-08-21 07:08:12,727 - realTrade.py[line:372] - INFO: Fetched RUNEUSDT data.
2024-08-21 07:08:13,237 - realTrade.py[line:372] - INFO: Fetched SAFEUSDT data.
2024-08-21 07:08:13,755 - realTrade.py[line:372] - INFO: Fetched SAGAUSDT data.
2024-08-21 07:08:14,283 - realTrade.py[line:372] - INFO: Fetched SANDUSDT data.
2024-08-21 07:08:14,800 - realTrade.py[line:372] - INFO: Fetched SCAUSDT data.
2024-08-21 07:08:15,325 - realTrade.py[line:372] - INFO: Fetched SCRTUSDT data.
2024-08-21 07:08:15,854 - realTrade.py[line:372] - INFO: Fetched SEIUSDT data.
2024-08-21 07:08:16,363 - realTrade.py[line:372] - INFO: Fetched SFPUSDT data.
2024-08-21 07:08:17,347 - realTrade.py[line:372] - INFO: Fetched SLERFUSDT data.
2024-08-21 07:08:17,858 - realTrade.py[line:372] - INFO: Fetched SNXUSDT data.
2024-08-21 07:08:18,369 - realTrade.py[line:372] - INFO: Fetched SPECUSDT data.
2024-08-21 07:08:20,255 - realTrade.py[line:372] - INFO: Fetched STEEMUSDT data.
2024-08-21 07:08:21,312 - realTrade.py[line:372] - INFO: Fetched STGUSDT data.
2024-08-21 07:08:22,023 - realTrade.py[line:372] - INFO: Fetched STORJUSDT data.
2024-08-21 07:08:22,629 - realTrade.py[line:372] - INFO: Fetched STRKUSDT data.
2024-08-21 07:08:23,203 - realTrade.py[line:372] - INFO: Fetched STXUSDT data.
2024-08-21 07:08:23,793 - realTrade.py[line:372] - INFO: Fetched SUIUSDT data.
2024-08-21 07:08:24,349 - realTrade.py[line:372] - INFO: Fetched SUPERUSDT data.
2024-08-21 07:08:24,895 - realTrade.py[line:372] - INFO: Fetched SUSHIUSDT data.
2024-08-21 07:08:25,558 - realTrade.py[line:372] - INFO: Fetched SXPUSDT data.
2024-08-21 07:08:26,008 - realTrade.py[line:372] - INFO: Fetched SYNUSDT data.
2024-08-21 07:08:26,464 - realTrade.py[line:372] - INFO: Fetched SYSUSDT data.
2024-08-21 07:08:27,033 - realTrade.py[line:372] - INFO: Fetched TAIKOUSDT data.
2024-08-21 07:08:27,578 - realTrade.py[line:372] - INFO: Fetched THETAUSDT data.
2024-08-21 07:08:28,120 - realTrade.py[line:372] - INFO: Fetched TIAUSDT data.
2024-08-21 07:08:28,695 - realTrade.py[line:372] - INFO: Fetched TNSRUSDT data.
2024-08-21 07:08:29,253 - realTrade.py[line:372] - INFO: Fetched TONUSDT data.
2024-08-21 07:08:29,801 - realTrade.py[line:372] - INFO: Fetched TRXUSDT data.
2024-08-21 07:08:30,331 - realTrade.py[line:372] - INFO: Fetched TWTUSDT data.
2024-08-21 07:08:30,854 - realTrade.py[line:372] - INFO: Fetched UMAUSDT data.
2024-08-21 07:08:31,400 - realTrade.py[line:372] - INFO: Fetched UNFIUSDT data.
2024-08-21 07:08:31,939 - realTrade.py[line:372] - INFO: Fetched UNIUSDT data.
2024-08-21 07:08:32,452 - realTrade.py[line:372] - INFO: Fetched USDCUSDT data.
2024-08-21 07:08:32,956 - realTrade.py[line:372] - INFO: Fetched USDEUSDT data.
2024-08-21 07:08:33,487 - realTrade.py[line:372] - INFO: Fetched UXLINKUSDT data.
2024-08-21 07:08:34,058 - realTrade.py[line:372] - INFO: Fetched WAVESUSDT data.
2024-08-21 07:08:34,602 - realTrade.py[line:372] - INFO: Fetched WIFUSDT data.
2024-08-21 07:08:35,136 - realTrade.py[line:372] - INFO: Fetched WLDUSDT data.
2024-08-21 07:08:35,679 - realTrade.py[line:372] - INFO: Fetched WOOUSDT data.
2024-08-21 07:08:36,222 - realTrade.py[line:372] - INFO: Fetched WUSDT data.
2024-08-21 07:08:36,747 - realTrade.py[line:372] - INFO: Fetched XAIUSDT data.
2024-08-21 07:08:37,269 - realTrade.py[line:372] - INFO: Fetched XNOUSDT data.
2024-08-21 07:08:37,809 - realTrade.py[line:372] - INFO: Fetched XRPUSDT data.
2024-08-21 07:08:38,326 - realTrade.py[line:372] - INFO: Fetched XTZUSDT data.
2024-08-21 07:08:38,861 - realTrade.py[line:372] - INFO: Fetched YGGUSDT data.
2024-08-21 07:08:39,373 - realTrade.py[line:372] - INFO: Fetched ZETAUSDT data.
2024-08-21 07:08:39,892 - realTrade.py[line:372] - INFO: Fetched ZEUSUSDT data.
2024-08-21 07:08:40,395 - realTrade.py[line:372] - INFO: Fetched ZKJUSDT data.
2024-08-21 07:08:40,919 - realTrade.py[line:372] - INFO: Fetched ZKUSDT data.
2024-08-21 07:08:41,441 - realTrade.py[line:372] - INFO: Fetched ZROUSDT data.
2024-08-21 07:08:41,956 - realTrade.py[line:372] - INFO: Fetched ZRXUSDT data.
2024-08-21 07:08:41,956 - realTrade.py[line:140] - INFO: Fetched data.
2024-08-21 10:08:05,039 - bybit_access.py[line:19] - ERROR: Error occurred during get_tickers: ('Connection aborted.', ConnectionResetError(10054, '远程主机强迫关闭了一个现有的连接。', None, 10054, None))
2024-08-21 10:08:10,049 - bybit_access.py[line:19] - ERROR: Error occurred during get_tickers: ('Connection aborted.', ConnectionResetError(10054, '远程主机强迫关闭了一个现有的连接。', None, 10054, None))
2024-08-21 10:08:15,175 - bybit_access.py[line:19] - ERROR: Error occurred during get_tickers: ('Connection aborted.', ConnectionResetError(10054, '远程主机强迫关闭了一个现有的连接。', None, 10054, None))
2024-08-21 10:08:20,600 - bybit_access.py[line:19] - ERROR: Error occurred during get_tickers: ('Connection aborted.', ConnectionResetError(10054, '远程主机强迫关闭了一个现有的连接。', None, 10054, None))
2024-08-21 10:08:26,532 - bybit_access.py[line:19] - ERROR: Error occurred during get_tickers: ('Connection aborted.', ConnectionResetError(10054, '远程主机强迫关闭了一个现有的连接。', None, 10054, None))
2024-08-21 10:08:28,139 - realTrade.py[line:197] - ERROR: Error occurred during update: Failed to get tickers.
2024-08-21 11:31:10,622 - bybit_access.py[line:19] - ERROR: Error occurred during get_tickers: ('Connection aborted.', ConnectionResetError(10054, '远程主机强迫关闭了一个现有的连接。', None, 10054, None))
2024-08-21 11:31:15,634 - bybit_access.py[line:19] - ERROR: Error occurred during get_tickers: ('Connection aborted.', ConnectionResetError(10054, '远程主机强迫关闭了一个现有的连接。', None, 10054, None))
2024-08-21 11:31:20,769 - bybit_access.py[line:19] - ERROR: Error occurred during get_tickers: ('Connection aborted.', ConnectionResetError(10054, '远程主机强迫关闭了一个现有的连接。', None, 10054, None))
2024-08-21 11:31:26,194 - bybit_access.py[line:19] - ERROR: Error occurred during get_tickers: ('Connection aborted.', ConnectionResetError(10054, '远程主机强迫关闭了一个现有的连接。', None, 10054, None))
2024-08-21 11:31:32,124 - bybit_access.py[line:19] - ERROR: Error occurred during get_tickers: ('Connection aborted.', ConnectionResetError(10054, '远程主机强迫关闭了一个现有的连接。', None, 10054, None))
2024-08-21 11:32:30,234 - bybit_access.py[line:19] - ERROR: Error occurred during get_tickers: ('Connection aborted.', ConnectionResetError(10054, '远程主机强迫关闭了一个现有的连接。', None, 10054, None))
2024-08-21 11:32:35,274 - bybit_access.py[line:19] - ERROR: Error occurred during get_tickers: ('Connection aborted.', ConnectionResetError(10054, '远程主机强迫关闭了一个现有的连接。', None, 10054, None))
2024-08-21 11:32:40,411 - bybit_access.py[line:19] - ERROR: Error occurred during get_tickers: ('Connection aborted.', ConnectionResetError(10054, '远程主机强迫关闭了一个现有的连接。', None, 10054, None))
2024-08-21 11:32:45,840 - bybit_access.py[line:19] - ERROR: Error occurred during get_tickers: ('Connection aborted.', ConnectionResetError(10054, '远程主机强迫关闭了一个现有的连接。', None, 10054, None))
2024-08-21 11:32:51,797 - bybit_access.py[line:19] - ERROR: Error occurred during get_tickers: ('Connection aborted.', ConnectionResetError(10054, '远程主机强迫关闭了一个现有的连接。', None, 10054, None))
2024-08-21 11:33:38,291 - realTrade.py[line:377] - INFO: Fetched 1000000MOGUSDT data.
2024-08-21 11:33:59,930 - realTrade.py[line:377] - INFO: Fetched 1000000PEIPEIUSDT data.
2024-08-21 11:34:24,039 - realTrade.py[line:377] - INFO: Fetched 10000WENUSDT data.
2024-08-21 11:34:46,285 - realTrade.py[line:377] - INFO: Fetched 1000APUUSDT data.
2024-08-21 11:35:02,705 - realTrade.py[line:377] - INFO: Fetched 1000FLOKIUSDT data.
2024-08-21 11:35:24,939 - realTrade.py[line:377] - INFO: Fetched 1000TURBOUSDT data.
2024-08-21 11:35:46,310 - realTrade.py[line:377] - INFO: Fetched 1INCHUSDT data.
2024-08-21 11:36:08,274 - realTrade.py[line:377] - INFO: Fetched ACEUSDT data.
2024-08-21 11:36:43,031 - realTrade.py[line:377] - INFO: Fetched ADAUSDT data.
2024-08-21 11:37:17,380 - realTrade.py[line:377] - INFO: Fetched AEROUSDT data.
2024-08-21 11:37:36,101 - realTrade.py[line:377] - INFO: Fetched AEVOUSDT data.
2024-08-21 11:37:55,678 - realTrade.py[line:377] - INFO: Fetched AGIUSDT data.
2024-08-21 11:38:11,166 - realTrade.py[line:377] - INFO: Fetched AGLDUSDT data.
2024-08-21 11:38:26,961 - realTrade.py[line:377] - INFO: Fetched AIOZUSDT data.
2024-08-21 11:38:42,350 - realTrade.py[line:377] - INFO: Fetched AIUSDT data.
2024-08-21 11:38:58,865 - realTrade.py[line:377] - INFO: Fetched AKTUSDT data.
2024-08-21 11:39:14,470 - realTrade.py[line:377] - INFO: Fetched ALGOUSDT data.
2024-08-21 11:39:28,151 - realTrade.py[line:377] - INFO: Fetched ALICEUSDT data.
2024-08-21 11:39:43,982 - realTrade.py[line:377] - INFO: Fetched ALPACAUSDT data.
2024-08-21 11:39:57,690 - realTrade.py[line:377] - INFO: Fetched APEUSDT data.
2024-08-21 11:40:13,417 - realTrade.py[line:377] - INFO: Fetched API3USDT data.
2024-08-21 11:40:31,555 - realTrade.py[line:377] - INFO: Fetched APTUSDT data.
2024-08-21 11:40:45,851 - realTrade.py[line:377] - INFO: Fetched ARBUSDT data.
2024-08-21 11:41:04,062 - realTrade.py[line:377] - INFO: Fetched ARKMUSDT data.
2024-08-21 11:41:21,582 - realTrade.py[line:377] - INFO: Fetched ARKUSDT data.
2024-08-21 11:41:38,138 - realTrade.py[line:377] - INFO: Fetched ATOMUSDT data.
2024-08-21 11:41:57,319 - realTrade.py[line:377] - INFO: Fetched AUDIOUSDT data.
2024-08-21 11:42:14,087 - realTrade.py[line:377] - INFO: Fetched AVAILUSDT data.
2024-08-21 11:42:30,360 - realTrade.py[line:377] - INFO: Fetched AXLUSDT data.
2024-08-21 11:42:43,395 - realTrade.py[line:377] - INFO: Fetched AXSUSDT data.
2024-08-21 11:42:57,958 - realTrade.py[line:377] - INFO: Fetched BADGERUSDT data.
2024-08-21 11:43:13,501 - realTrade.py[line:377] - INFO: Fetched BAKEUSDT data.
2024-08-21 11:43:29,748 - realTrade.py[line:377] - INFO: Fetched BALUSDT data.
2024-08-21 11:43:46,313 - realTrade.py[line:377] - INFO: Fetched BANDUSDT data.
2024-08-21 11:44:03,393 - realTrade.py[line:377] - INFO: Fetched BATUSDT data.
2024-08-21 11:44:25,531 - realTrade.py[line:377] - INFO: Fetched BBUSDT data.
2024-08-21 11:44:42,010 - realTrade.py[line:377] - INFO: Fetched BELUSDT data.
2024-08-21 11:45:00,477 - realTrade.py[line:377] - INFO: Fetched BICOUSDT data.
2024-08-21 11:45:17,977 - realTrade.py[line:377] - INFO: Fetched BLURUSDT data.
2024-08-21 11:45:38,478 - realTrade.py[line:377] - INFO: Fetched BLZUSDT data.
2024-08-21 11:45:55,153 - realTrade.py[line:377] - INFO: Fetched BNTUSDT data.
2024-08-21 11:46:14,581 - realTrade.py[line:377] - INFO: Fetched BNXUSDT data.
2024-08-21 11:46:35,242 - realTrade.py[line:377] - INFO: Fetched BOBAUSDT data.
2024-08-21 11:46:58,299 - realTrade.py[line:377] - INFO: Fetched BONDUSDT data.
2024-08-21 11:47:29,018 - realTrade.py[line:377] - INFO: Fetched C98USDT data.
2024-08-21 11:47:48,277 - realTrade.py[line:377] - INFO: Fetched CAKEUSDT data.
2024-08-21 11:48:11,015 - realTrade.py[line:377] - INFO: Fetched CELOUSDT data.
2024-08-21 11:48:29,932 - realTrade.py[line:377] - INFO: Fetched CFXUSDT data.
2024-08-21 11:48:46,522 - realTrade.py[line:377] - INFO: Fetched CHRUSDT data.
2024-08-21 11:49:02,928 - realTrade.py[line:377] - INFO: Fetched CLOUDUSDT data.
2024-08-21 11:49:18,892 - realTrade.py[line:377] - INFO: Fetched COMBOUSDT data.
2024-08-21 11:49:36,196 - realTrade.py[line:377] - INFO: Fetched COREUSDT data.
2024-08-21 11:49:53,344 - realTrade.py[line:377] - INFO: Fetched CRVUSDT data.
2024-08-21 11:50:08,732 - realTrade.py[line:377] - INFO: Fetched CTCUSDT data.
2024-08-21 11:50:22,223 - realTrade.py[line:377] - INFO: Fetched CTKUSDT data.
2024-08-21 11:50:37,628 - realTrade.py[line:377] - INFO: Fetched CTSIUSDT data.
2024-08-21 11:50:52,455 - realTrade.py[line:377] - INFO: Fetched CVXUSDT data.
2024-08-21 11:51:06,439 - realTrade.py[line:377] - INFO: Fetched CYBERUSDT data.
2024-08-21 11:51:20,240 - realTrade.py[line:377] - INFO: Fetched DAOUSDT data.
2024-08-21 11:51:37,556 - realTrade.py[line:377] - INFO: Fetched DARUSDT data.
2024-08-21 11:51:52,140 - realTrade.py[line:377] - INFO: Fetched DODOUSDT data.
2024-08-21 11:52:06,691 - realTrade.py[line:377] - INFO: Fetched DOGEUSDT data.
2024-08-21 11:52:23,090 - realTrade.py[line:377] - INFO: Fetched DOTUSDT data.
2024-08-21 11:52:39,383 - realTrade.py[line:377] - INFO: Fetched DRIFTUSDT data.
2024-08-21 11:52:52,727 - realTrade.py[line:377] - INFO: Fetched DUSKUSDT data.
2024-08-21 11:53:05,626 - realTrade.py[line:377] - INFO: Fetched DYDXUSDT data.
2024-08-21 11:53:22,441 - realTrade.py[line:377] - INFO: Fetched DYMUSDT data.
2024-08-21 11:53:39,486 - realTrade.py[line:377] - INFO: Fetched EDUUSDT data.
2024-08-21 11:54:02,579 - realTrade.py[line:377] - INFO: Fetched EIGENUSDT data.
2024-08-21 11:54:16,780 - realTrade.py[line:377] - INFO: Fetched ENAUSDT data.
2024-08-21 11:54:30,289 - realTrade.py[line:377] - INFO: Fetched ENJUSDT data.
2024-08-21 11:54:46,206 - realTrade.py[line:377] - INFO: Fetched EOSUSDT data.
2024-08-21 11:55:03,826 - realTrade.py[line:377] - INFO: Fetched ETHFIUSDT data.
2024-08-21 11:55:20,851 - realTrade.py[line:377] - INFO: Fetched ETHWUSDT data.
2024-08-21 11:55:32,723 - realTrade.py[line:377] - INFO: Fetched FDUSDUSDT data.
2024-08-21 11:55:50,051 - realTrade.py[line:377] - INFO: Fetched FILUSDT data.
2024-08-21 11:56:07,568 - realTrade.py[line:377] - INFO: Fetched FIREUSDT data.
2024-08-21 11:56:26,372 - realTrade.py[line:377] - INFO: Fetched FLOWUSDT data.
2024-08-21 11:56:43,470 - realTrade.py[line:377] - INFO: Fetched FORTHUSDT data.
2024-08-21 11:56:56,644 - realTrade.py[line:377] - INFO: Fetched FRONTUSDT data.
2024-08-21 11:57:11,463 - realTrade.py[line:377] - INFO: Fetched FTMUSDT data.
2024-08-21 11:57:27,770 - realTrade.py[line:377] - INFO: Fetched FTNUSDT data.
2024-08-21 11:57:42,500 - realTrade.py[line:377] - INFO: Fetched FXSUSDT data.
2024-08-21 11:57:56,707 - realTrade.py[line:377] - INFO: Fetched GASUSDT data.
2024-08-21 11:58:11,657 - realTrade.py[line:377] - INFO: Fetched GLMRUSDT data.
2024-08-21 11:58:26,274 - realTrade.py[line:377] - INFO: Fetched GLMUSDT data.
2024-08-21 11:58:38,417 - realTrade.py[line:377] - INFO: Fetched GMTUSDT data.
2024-08-21 11:58:52,132 - realTrade.py[line:377] - INFO: Fetched GODSUSDT data.
2024-08-21 11:59:13,914 - realTrade.py[line:377] - INFO: Fetched GRTUSDT data.
2024-08-21 11:59:27,340 - realTrade.py[line:377] - INFO: Fetched GTCUSDT data.
2024-08-21 11:59:43,007 - realTrade.py[line:377] - INFO: Fetched HFTUSDT data.
2024-08-21 11:59:59,682 - realTrade.py[line:377] - INFO: Fetched HIFIUSDT data.
2024-08-21 12:00:14,061 - realTrade.py[line:377] - INFO: Fetched HIGHUSDT data.
2024-08-21 12:00:29,448 - realTrade.py[line:377] - INFO: Fetched HOOKUSDT data.
2024-08-21 12:00:43,695 - realTrade.py[line:377] - INFO: Fetched ICXUSDT data.
2024-08-21 12:00:57,605 - realTrade.py[line:377] - INFO: Fetched IDUSDT data.
2024-08-21 12:01:13,702 - realTrade.py[line:377] - INFO: Fetched IMXUSDT data.
2024-08-21 12:01:28,785 - realTrade.py[line:377] - INFO: Fetched IOTAUSDT data.
2024-08-21 12:01:42,664 - realTrade.py[line:377] - INFO: Fetched IOUSDT data.
2024-08-21 12:02:00,418 - realTrade.py[line:377] - INFO: Fetched JOEUSDT data.
2024-08-21 12:02:18,355 - realTrade.py[line:377] - INFO: Fetched JTOUSDT data.
2024-08-21 12:02:32,519 - realTrade.py[line:377] - INFO: Fetched JUPUSDT data.
2024-08-21 12:02:48,017 - realTrade.py[line:377] - INFO: Fetched KASUSDT data.
2024-08-21 12:03:01,902 - realTrade.py[line:377] - INFO: Fetched KAVAUSDT data.
2024-08-21 12:03:18,407 - realTrade.py[line:377] - INFO: Fetched KDAUSDT data.
2024-08-21 12:03:34,590 - realTrade.py[line:377] - INFO: Fetched KLAYUSDT data.
2024-08-21 12:03:51,260 - realTrade.py[line:377] - INFO: Fetched KNCUSDT data.
2024-08-21 12:04:05,349 - realTrade.py[line:377] - INFO: Fetched LDOUSDT data.
2024-08-21 12:04:19,982 - realTrade.py[line:377] - INFO: Fetched LISTAUSDT data.
2024-08-21 12:04:34,875 - realTrade.py[line:377] - INFO: Fetched LITUSDT data.
2024-08-21 12:04:49,252 - realTrade.py[line:377] - INFO: Fetched LQTYUSDT data.
2024-08-21 12:05:02,385 - realTrade.py[line:377] - INFO: Fetched LRCUSDT data.
2024-08-21 12:05:15,495 - realTrade.py[line:377] - INFO: Fetched LSKUSDT data.
2024-08-21 12:05:30,115 - realTrade.py[line:377] - INFO: Fetched LTOUSDT data.
2024-08-21 12:05:46,623 - realTrade.py[line:377] - INFO: Fetched LUNA2USDT data.
2024-08-21 12:06:03,566 - realTrade.py[line:377] - INFO: Fetched MAGICUSDT data.
2024-08-21 12:06:20,784 - realTrade.py[line:377] - INFO: Fetched MANAUSDT data.
2024-08-21 12:06:35,399 - realTrade.py[line:377] - INFO: Fetched MANTAUSDT data.
2024-08-21 12:06:51,038 - realTrade.py[line:377] - INFO: Fetched MASKUSDT data.
2024-08-21 12:07:10,638 - realTrade.py[line:377] - INFO: Fetched MATICUSDT data.
2024-08-21 12:07:27,333 - realTrade.py[line:377] - INFO: Fetched MAVIAUSDT data.
2024-08-21 12:07:41,411 - realTrade.py[line:377] - INFO: Fetched MAVUSDT data.
2024-08-21 12:08:00,286 - realTrade.py[line:377] - INFO: Fetched MAXUSDT data.
2024-08-21 12:08:16,196 - realTrade.py[line:377] - INFO: Fetched MBOXUSDT data.
2024-08-21 12:08:31,830 - realTrade.py[line:377] - INFO: Fetched MERLUSDT data.
2024-08-21 12:08:46,440 - realTrade.py[line:377] - INFO: Fetched MINAUSDT data.
2024-08-21 12:09:04,435 - realTrade.py[line:377] - INFO: Fetched MNTUSDT data.
2024-08-21 12:09:23,557 - realTrade.py[line:377] - INFO: Fetched MOCAUSDT data.
2024-08-21 12:09:40,963 - realTrade.py[line:377] - INFO: Fetched MONUSDT data.
2024-08-21 12:10:00,058 - realTrade.py[line:377] - INFO: Fetched MTLUSDT data.
2024-08-21 12:10:18,153 - realTrade.py[line:377] - INFO: Fetched NEARUSDT data.
2024-08-21 12:10:31,758 - realTrade.py[line:377] - INFO: Fetched NEIROETHUSDT data.
2024-08-21 12:10:49,073 - realTrade.py[line:377] - INFO: Fetched NFPUSDT data.
2024-08-21 12:11:03,955 - realTrade.py[line:377] - INFO: Fetched NTRNUSDT data.
2024-08-21 12:11:19,767 - realTrade.py[line:377] - INFO: Fetched OGUSDT data.
2024-08-21 12:11:38,616 - realTrade.py[line:377] - INFO: Fetched OMGUSDT data.
2024-08-21 12:11:57,595 - realTrade.py[line:377] - INFO: Fetched OMUSDT data.
2024-08-21 12:12:15,594 - realTrade.py[line:377] - INFO: Fetched ONDOUSDT data.
2024-08-21 12:12:34,480 - realTrade.py[line:377] - INFO: Fetched ONGUSDT data.
2024-08-21 12:12:50,520 - realTrade.py[line:377] - INFO: Fetched ONTUSDT data.
2024-08-21 12:13:08,003 - realTrade.py[line:377] - INFO: Fetched OPUSDT data.
2024-08-21 12:13:24,169 - realTrade.py[line:377] - INFO: Fetched ORCAUSDT data.
2024-08-21 12:13:42,496 - realTrade.py[line:377] - INFO: Fetched ORNUSDT data.
2024-08-21 12:13:56,210 - realTrade.py[line:377] - INFO: Fetched OSMOUSDT data.
2024-08-21 12:14:11,425 - realTrade.py[line:377] - INFO: Fetched PENDLEUSDT data.
2024-08-21 12:14:26,857 - realTrade.py[line:377] - INFO: Fetched PENGUSDT data.
2024-08-21 12:14:44,127 - realTrade.py[line:377] - INFO: Fetched PERPUSDT data.
2024-08-21 12:14:59,498 - realTrade.py[line:377] - INFO: Fetched PHAUSDT data.
2024-08-21 12:15:14,008 - realTrade.py[line:377] - INFO: Fetched PHBUSDT data.
2024-08-21 12:15:29,207 - realTrade.py[line:377] - INFO: Fetched PIRATEUSDT data.
2024-08-21 12:15:42,936 - realTrade.py[line:377] - INFO: Fetched PIXELUSDT data.
2024-08-21 12:15:55,009 - realTrade.py[line:377] - INFO: Fetched POLYXUSDT data.
2024-08-21 12:16:13,779 - realTrade.py[line:377] - INFO: Fetched PONKEUSDT data.
2024-08-21 12:16:30,192 - realTrade.py[line:377] - INFO: Fetched POPCATUSDT data.
2024-08-21 12:16:46,417 - realTrade.py[line:377] - INFO: Fetched PORTALUSDT data.
2024-08-21 12:17:01,948 - realTrade.py[line:377] - INFO: Fetched POWRUSDT data.
2024-08-21 12:17:17,790 - realTrade.py[line:377] - INFO: Fetched PRCLUSDT data.
2024-08-21 12:17:34,150 - realTrade.py[line:377] - INFO: Fetched PROMUSDT data.
2024-08-21 12:18:00,028 - realTrade.py[line:377] - INFO: Fetched PYTHUSDT data.
2024-08-21 12:18:22,913 - realTrade.py[line:377] - INFO: Fetched QTUMUSDT data.
2024-08-21 12:18:37,475 - realTrade.py[line:377] - INFO: Fetched RADUSDT data.
2024-08-21 12:19:03,823 - bybit_access.py[line:38] - ERROR: Error occurred during get_kline: HTTPSConnectionPool(host='api.bybit.com', port=443): Read timed out.
2024-08-21 12:19:15,703 - realTrade.py[line:377] - INFO: Fetched RAREUSDT data.
2024-08-21 12:19:29,408 - realTrade.py[line:377] - INFO: Fetched RAYDIUMUSDT data.
2024-08-21 12:19:47,130 - realTrade.py[line:377] - INFO: Fetched RENDERUSDT data.
2024-08-21 12:20:07,631 - realTrade.py[line:377] - INFO: Fetched REQUSDT data.
2024-08-21 12:20:25,661 - realTrade.py[line:377] - INFO: Fetched RLCUSDT data.
2024-08-21 12:20:45,849 - realTrade.py[line:377] - INFO: Fetched RONUSDT data.
2024-08-21 12:21:01,501 - realTrade.py[line:377] - INFO: Fetched RSS3USDT data.
2024-08-21 12:21:15,359 - realTrade.py[line:377] - INFO: Fetched RUNEUSDT data.
2024-08-21 12:21:33,231 - realTrade.py[line:377] - INFO: Fetched SAFEUSDT data.
2024-08-21 12:21:58,340 - realTrade.py[line:377] - INFO: Fetched SAGAUSDT data.
2024-08-21 12:22:12,456 - realTrade.py[line:377] - INFO: Fetched SANDUSDT data.
2024-08-21 12:22:31,662 - realTrade.py[line:377] - INFO: Fetched SCAUSDT data.
2024-08-21 12:22:51,253 - realTrade.py[line:377] - INFO: Fetched SCRTUSDT data.
2024-08-21 12:23:11,359 - realTrade.py[line:377] - INFO: Fetched SEIUSDT data.
2024-08-21 12:23:38,160 - realTrade.py[line:377] - INFO: Fetched SFPUSDT data.
2024-08-21 12:23:55,151 - realTrade.py[line:377] - INFO: Fetched SLERFUSDT data.
2024-08-21 12:24:10,951 - realTrade.py[line:377] - INFO: Fetched SNXUSDT data.
2024-08-21 12:24:26,678 - realTrade.py[line:377] - INFO: Fetched SPECUSDT data.
2024-08-21 12:24:42,715 - realTrade.py[line:377] - INFO: Fetched STEEMUSDT data.
2024-08-21 12:24:56,267 - realTrade.py[line:377] - INFO: Fetched STGUSDT data.
2024-08-21 12:25:13,341 - realTrade.py[line:377] - INFO: Fetched STORJUSDT data.
2024-08-21 12:25:27,786 - realTrade.py[line:377] - INFO: Fetched STRKUSDT data.
2024-08-21 12:25:41,785 - realTrade.py[line:377] - INFO: Fetched STXUSDT data.
2024-08-21 12:25:54,643 - realTrade.py[line:377] - INFO: Fetched SUIUSDT data.
2024-08-21 12:26:09,620 - realTrade.py[line:377] - INFO: Fetched SUPERUSDT data.
2024-08-21 12:26:27,084 - realTrade.py[line:377] - INFO: Fetched SUSHIUSDT data.
2024-08-21 12:26:41,048 - realTrade.py[line:377] - INFO: Fetched SXPUSDT data.
2024-08-21 12:26:52,185 - realTrade.py[line:377] - INFO: Fetched SYNUSDT data.
2024-08-21 12:27:01,570 - realTrade.py[line:377] - INFO: Fetched SYSUSDT data.
2024-08-21 12:27:48,214 - realTrade.py[line:377] - INFO: Fetched TAIKOUSDT data.
2024-08-21 12:28:27,024 - realTrade.py[line:377] - INFO: Fetched THETAUSDT data.
2024-08-21 12:28:45,927 - realTrade.py[line:377] - INFO: Fetched TIAUSDT data.
2024-08-21 12:29:02,605 - realTrade.py[line:377] - INFO: Fetched TNSRUSDT data.
2024-08-21 12:29:16,225 - realTrade.py[line:377] - INFO: Fetched TONUSDT data.
2024-08-21 12:29:28,551 - realTrade.py[line:377] - INFO: Fetched TRXUSDT data.
2024-08-21 12:29:42,007 - realTrade.py[line:377] - INFO: Fetched TWTUSDT data.
2024-08-21 12:29:57,467 - realTrade.py[line:377] - INFO: Fetched UMAUSDT data.
2024-08-21 12:30:11,656 - realTrade.py[line:377] - INFO: Fetched UNFIUSDT data.
2024-08-21 12:30:28,817 - realTrade.py[line:377] - INFO: Fetched UNIUSDT data.
2024-08-21 12:30:44,746 - realTrade.py[line:377] - INFO: Fetched USDCUSDT data.
2024-08-21 12:31:00,115 - realTrade.py[line:377] - INFO: Fetched USDEUSDT data.
2024-08-21 12:31:15,084 - realTrade.py[line:377] - INFO: Fetched UXLINKUSDT data.
2024-08-21 12:31:28,872 - realTrade.py[line:377] - INFO: Fetched WAVESUSDT data.
2024-08-21 12:31:43,379 - realTrade.py[line:377] - INFO: Fetched WIFUSDT data.
2024-08-21 12:31:57,416 - realTrade.py[line:377] - INFO: Fetched WLDUSDT data.
2024-08-21 12:32:09,186 - realTrade.py[line:377] - INFO: Fetched WOOUSDT data.
2024-08-21 12:32:24,748 - realTrade.py[line:377] - INFO: Fetched WUSDT data.
2024-08-21 12:32:39,322 - realTrade.py[line:377] - INFO: Fetched XAIUSDT data.
2024-08-21 12:32:54,892 - realTrade.py[line:377] - INFO: Fetched XNOUSDT data.
2024-08-21 12:33:11,909 - realTrade.py[line:377] - INFO: Fetched XRPUSDT data.
2024-08-21 12:33:27,466 - realTrade.py[line:377] - INFO: Fetched XTZUSDT data.
2024-08-21 12:33:43,199 - realTrade.py[line:377] - INFO: Fetched YGGUSDT data.
2024-08-21 12:34:00,114 - realTrade.py[line:377] - INFO: Fetched ZETAUSDT data.
2024-08-21 12:34:20,829 - realTrade.py[line:377] - INFO: Fetched ZEUSUSDT data.
2024-08-21 12:34:45,291 - realTrade.py[line:377] - INFO: Fetched ZKJUSDT data.
2024-08-21 12:35:17,439 - realTrade.py[line:377] - INFO: Fetched ZKUSDT data.
2024-08-21 12:35:50,120 - realTrade.py[line:377] - INFO: Fetched ZROUSDT data.
2024-08-21 12:36:18,758 - realTrade.py[line:377] - INFO: Fetched ZRXUSDT data.
2024-08-21 12:36:18,760 - realTrade.py[line:140] - INFO: Fetched data.
2024-08-21 13:13:10,035 - bybit_access.py[line:19] - ERROR: Error occurred during get_tickers: HTTPSConnectionPool(host='api.bybit.com', port=443): Read timed out. (read timeout=10)
2024-08-21 14:22:23,007 - bybit_access.py[line:19] - ERROR: Error occurred during get_tickers: HTTPSConnectionPool(host='api.bybit.com', port=443): Read timed out.
2024-08-21 14:45:12,143 - bybit_access.py[line:19] - ERROR: Error occurred during get_tickers: HTTPSConnectionPool(host='api.bybit.com', port=443): Read timed out.
2024-08-21 15:01:12,203 - bybit_access.py[line:19] - ERROR: Error occurred during get_tickers: HTTPSConnectionPool(host='api.bybit.com', port=443): Read timed out.
2024-08-21 15:01:22,214 - bybit_access.py[line:19] - ERROR: Error occurred during get_tickers: HTTPSConnectionPool(host='api.bybit.com', port=443): Read timed out. (read timeout=10)
2024-08-21 18:03:05,021 - bybit_access.py[line:19] - ERROR: Error occurred during get_tickers: ('Connection aborted.', ConnectionResetError(10054, '远程主机强迫关闭了一个现有的连接。', None, 10054, None))
2024-08-21 18:03:10,040 - bybit_access.py[line:19] - ERROR: Error occurred during get_tickers: ('Connection aborted.', ConnectionResetError(10054, '远程主机强迫关闭了一个现有的连接。', None, 10054, None))
2024-08-21 18:03:15,163 - bybit_access.py[line:19] - ERROR: Error occurred during get_tickers: ('Connection aborted.', ConnectionResetError(10054, '远程主机强迫关闭了一个现有的连接。', None, 10054, None))
2024-08-21 18:03:20,582 - bybit_access.py[line:19] - ERROR: Error occurred during get_tickers: ('Connection aborted.', ConnectionResetError(10054, '远程主机强迫关闭了一个现有的连接。', None, 10054, None))
2024-08-21 18:03:26,506 - bybit_access.py[line:19] - ERROR: Error occurred during get_tickers: ('Connection aborted.', ConnectionResetError(10054, '远程主机强迫关闭了一个现有的连接。', None, 10054, None))
2024-08-21 18:03:28,115 - realTrade.py[line:197] - ERROR: Error occurred during update: Failed to get tickers.
