2024-09-02 11:15:24,096 - DEBUG - Initializing HTTP session.
2024-09-02 11:15:25,487 - INFO - 1000000MOGUSDT has been tested. win rate: 0.5204081632653061, trade count: 98
2024-09-02 11:15:25,612 - INFO - 1000000PEIPEIUSDT has been tested. win rate: 0.6, trade count: 165
2024-09-02 11:15:25,747 - INFO - 10000COQUSDT has been tested. win rate: 0.5588235294117647, trade count: 34
2024-09-02 11:15:25,884 - INFO - 10000WENUSDT has been tested. win rate: 0.5208333333333334, trade count: 48
2024-09-02 11:15:26,017 - INFO - 1000APUUSDT has been tested. win rate: 0.6201117318435754, trade count: 179
2024-09-02 11:15:26,148 - INFO - 1000BEERUSDT has been tested. win rate: 0.5704225352112676, trade count: 426
2024-09-02 11:15:26,293 - INFO - 1000BONKUSDT has been tested. win rate: 0.45454545454545453, trade count: 11
2024-09-02 11:15:26,431 - INFO - 1000FLOKIUSDT has been tested. win rate: 0.5507246376811594, trade count: 69
2024-09-02 11:15:26,569 - INFO - 1000LUNCUSDT has been tested. win rate: 0.6111111111111112, trade count: 18
2024-09-02 11:15:26,704 - INFO - 1000RATSUSDT has been tested. win rate: 0.5277777777777778, trade count: 36
2024-09-02 11:15:26,841 - INFO - 1000TURBOUSDT has been tested. win rate: 0.5, trade count: 20
2024-09-02 11:15:26,981 - INFO - 1000XECUSDT has been tested. win rate: 0.8333333333333334, trade count: 6
2024-09-02 11:15:27,118 - INFO - 1INCHUSDT has been tested. win rate: 0.5, trade count: 8
2024-09-02 11:15:27,251 - INFO - A8USDT has been tested. win rate: 0.6119402985074627, trade count: 67
2024-09-02 11:15:27,389 - INFO - ACEUSDT has been tested. win rate: 0.26666666666666666, trade count: 15
2024-09-02 11:15:27,527 - INFO - ACHUSDT has been tested. win rate: 0.4444444444444444, trade count: 9
2024-09-02 11:15:27,657 - INFO - ADAUSDT has been tested. win rate: 0.8333333333333334, trade count: 6
2024-09-02 11:15:27,792 - INFO - AERGOUSDT has been tested. win rate: 0.5, trade count: 12
2024-09-02 11:15:27,929 - INFO - AEROUSDT has been tested. win rate: 1.0, trade count: 6
2024-09-02 11:15:28,064 - INFO - AEVOUSDT has been tested. win rate: 0.45454545454545453, trade count: 11
2024-09-02 11:15:28,201 - INFO - AGIUSDT has been tested. win rate: 0.6666666666666666, trade count: 18
2024-09-02 11:15:28,333 - INFO - AGLDUSDT has been tested. win rate: 0.8461538461538461, trade count: 13
2024-09-02 11:15:28,467 - INFO - AIOZUSDT has been tested. win rate: 0.8125, trade count: 16
2024-09-02 11:15:28,597 - INFO - AIUSDT has been tested. win rate: 0.46153846153846156, trade count: 26
2024-09-02 11:15:28,734 - INFO - AKTUSDT has been tested. win rate: 0.5714285714285714, trade count: 63
2024-09-02 11:15:28,873 - INFO - ALICEUSDT has been tested. win rate: 0.5, trade count: 10
2024-09-02 11:15:29,017 - INFO - ALPACAUSDT has been tested. win rate: 0.48333333333333334, trade count: 60
2024-09-02 11:15:29,154 - INFO - ALPHAUSDT has been tested. win rate: 0.5833333333333334, trade count: 12
2024-09-02 11:15:29,290 - INFO - ALTUSDT has been tested. win rate: 0.6190476190476191, trade count: 21
2024-09-02 11:15:29,427 - INFO - ANKRUSDT has been tested. win rate: 0.5714285714285714, trade count: 7
2024-09-02 11:15:29,561 - INFO - APEUSDT has been tested. win rate: 0.5, trade count: 12
2024-09-02 11:15:29,699 - INFO - APEXUSDT has been tested. win rate: 0, trade count: 0
2024-09-02 11:15:29,833 - INFO - API3USDT has been tested. win rate: 0.2727272727272727, trade count: 11
2024-09-02 11:15:29,977 - INFO - APTUSDT has been tested. win rate: 0.3142857142857143, trade count: 35
2024-09-02 11:15:30,117 - INFO - ARKMUSDT has been tested. win rate: 0.5, trade count: 46
2024-09-02 11:15:30,257 - INFO - ARKUSDT has been tested. win rate: 0.7142857142857143, trade count: 7
2024-09-02 11:15:30,394 - INFO - ARPAUSDT has been tested. win rate: 0.7142857142857143, trade count: 14
2024-09-02 11:15:30,533 - INFO - ASTRUSDT has been tested. win rate: 0.35714285714285715, trade count: 14
2024-09-02 11:15:30,673 - INFO - ATAUSDT has been tested. win rate: 0.4583333333333333, trade count: 24
2024-09-02 11:15:30,810 - INFO - ATHUSDT has been tested. win rate: 0.5, trade count: 14
2024-09-02 11:15:30,941 - INFO - AUDIOUSDT has been tested. win rate: 0.6041666666666666, trade count: 96
2024-09-02 11:15:31,074 - INFO - AVAILUSDT has been tested. win rate: 0.5, trade count: 14
2024-09-02 11:15:31,210 - INFO - AXLUSDT has been tested. win rate: 0.5714285714285714, trade count: 14
2024-09-02 11:15:31,348 - INFO - AXSUSDT has been tested. win rate: 0.6, trade count: 5
2024-09-02 11:15:31,485 - INFO - BADGERUSDT has been tested. win rate: 0.7142857142857143, trade count: 7
2024-09-02 11:15:31,620 - INFO - BAKEUSDT has been tested. win rate: 0.75, trade count: 4
2024-09-02 11:15:31,759 - INFO - BALUSDT has been tested. win rate: 0.5, trade count: 6
2024-09-02 11:15:31,894 - INFO - BANDUSDT has been tested. win rate: 0.5555555555555556, trade count: 9
2024-09-02 11:15:32,034 - INFO - BATUSDT has been tested. win rate: 0.5, trade count: 4
2024-09-02 11:15:32,163 - INFO - BBUSDT has been tested. win rate: 0.44, trade count: 25
2024-09-02 11:15:32,301 - INFO - BEAMUSDT has been tested. win rate: 0.4666666666666667, trade count: 15
2024-09-02 11:15:32,435 - INFO - BELUSDT has been tested. win rate: 0.47058823529411764, trade count: 34
2024-09-02 11:15:32,566 - INFO - BENDOGUSDT has been tested. win rate: 0.564625850340136, trade count: 147
2024-09-02 11:15:32,700 - INFO - BIGTIMEUSDT has been tested. win rate: 0.3684210526315789, trade count: 19
2024-09-02 11:15:32,835 - INFO - BLURUSDT has been tested. win rate: 0.42857142857142855, trade count: 14
2024-09-02 11:15:32,968 - INFO - BLZUSDT has been tested. win rate: 0.5833333333333334, trade count: 12
2024-09-02 11:15:33,100 - INFO - BNTUSDT has been tested. win rate: 0.625, trade count: 16
2024-09-02 11:15:33,233 - INFO - BOBAUSDT has been tested. win rate: 0.0, trade count: 2
2024-09-02 11:15:33,369 - INFO - BONDUSDT has been tested. win rate: 0.4166666666666667, trade count: 24
2024-09-02 11:15:33,503 - INFO - BRETTUSDT has been tested. win rate: 0.5, trade count: 14
2024-09-02 11:15:33,636 - INFO - C98USDT has been tested. win rate: 0.4, trade count: 10
2024-09-02 11:15:33,773 - INFO - CAKEUSDT has been tested. win rate: 0.625, trade count: 8
2024-09-02 11:15:33,913 - INFO - CEEKUSDT has been tested. win rate: 0.7435897435897436, trade count: 39
2024-09-02 11:15:34,054 - INFO - CELOUSDT has been tested. win rate: 0.4, trade count: 5
2024-09-02 11:15:34,192 - INFO - CETUSUSDT has been tested. win rate: 0.6666666666666666, trade count: 12
2024-09-02 11:15:34,330 - INFO - CFXUSDT has been tested. win rate: 0.2727272727272727, trade count: 11
2024-09-02 11:15:34,467 - INFO - CHZUSDT has been tested. win rate: 0.6, trade count: 10
2024-09-02 11:15:34,593 - INFO - CLOUDUSDT has been tested. win rate: 0.5991379310344828, trade count: 232
2024-09-02 11:15:34,731 - INFO - COMBOUSDT has been tested. win rate: 0.3333333333333333, trade count: 12
2024-09-02 11:15:34,872 - INFO - COREUSDT has been tested. win rate: 0.6, trade count: 5
2024-09-02 11:15:35,008 - INFO - COTIUSDT has been tested. win rate: 0.3333333333333333, trade count: 12
2024-09-02 11:15:35,146 - INFO - CROUSDT has been tested. win rate: 0.6666666666666666, trade count: 3
2024-09-02 11:15:35,282 - INFO - CRVUSDT has been tested. win rate: 0.5714285714285714, trade count: 7
2024-09-02 11:15:35,418 - INFO - CTKUSDT has been tested. win rate: 0.9090909090909091, trade count: 11
2024-09-02 11:15:35,555 - INFO - CTSIUSDT has been tested. win rate: 0.5333333333333333, trade count: 15
2024-09-02 11:15:35,693 - INFO - CVCUSDT has been tested. win rate: 0.75, trade count: 4
2024-09-02 11:15:35,831 - INFO - CVXUSDT has been tested. win rate: 0.6190476190476191, trade count: 21
2024-09-02 11:15:35,965 - INFO - DAOUSDT has been tested. win rate: 0.6666666666666666, trade count: 12
2024-09-02 11:15:36,103 - INFO - DARUSDT has been tested. win rate: 0.5909090909090909, trade count: 22
2024-09-02 11:15:36,238 - INFO - DATAUSDT has been tested. win rate: 0.6301369863013698, trade count: 73
2024-09-02 11:15:36,376 - INFO - DODOUSDT has been tested. win rate: 0.5517241379310345, trade count: 29
2024-09-02 11:15:36,511 - INFO - DOGEUSDT has been tested. win rate: 0.5, trade count: 4
2024-09-02 11:15:36,648 - INFO - DOTUSDT has been tested. win rate: 0.5, trade count: 6
2024-09-02 11:15:36,782 - INFO - DRIFTUSDT has been tested. win rate: 0.54, trade count: 50
2024-09-02 11:15:36,917 - INFO - DUSKUSDT has been tested. win rate: 0.5471698113207547, trade count: 53
2024-09-02 11:15:37,052 - INFO - DYDXUSDT has been tested. win rate: 0.36363636363636365, trade count: 11
2024-09-02 11:15:37,187 - INFO - DYMUSDT has been tested. win rate: 0.4230769230769231, trade count: 26
2024-09-02 11:15:37,324 - INFO - EDUUSDT has been tested. win rate: 0.4827586206896552, trade count: 29
2024-09-02 11:15:37,462 - INFO - ENAUSDT has been tested. win rate: 0.45, trade count: 20
2024-09-02 11:15:37,595 - INFO - ENJUSDT has been tested. win rate: 0.3, trade count: 10
2024-09-02 11:15:37,730 - INFO - EOSUSDT has been tested. win rate: 0.7142857142857143, trade count: 7
2024-09-02 11:15:37,866 - INFO - ETHBTCUSDT has been tested. win rate: 0.0, trade count: 1
2024-09-02 11:15:38,001 - INFO - ETHFIUSDT has been tested. win rate: 0.3684210526315789, trade count: 19
2024-09-02 11:15:38,139 - INFO - ETHUSDT has been tested. win rate: 0.5, trade count: 4
2024-09-02 11:15:38,271 - INFO - ETHWUSDT has been tested. win rate: 0.375, trade count: 8
2024-09-02 11:15:38,407 - INFO - FILUSDT has been tested. win rate: 0.8, trade count: 5
2024-09-02 11:15:38,540 - INFO - FIREUSDT has been tested. win rate: 0.52, trade count: 50
2024-09-02 11:15:38,675 - INFO - FLMUSDT has been tested. win rate: 0.42857142857142855, trade count: 14
2024-09-02 11:15:38,813 - INFO - FLOWUSDT has been tested. win rate: 0.6, trade count: 5
2024-09-02 11:15:38,943 - INFO - FLRUSDT has been tested. win rate: 0.5789473684210527, trade count: 19
2024-09-02 11:15:39,080 - INFO - FORTHUSDT has been tested. win rate: 0.5, trade count: 4
2024-09-02 11:15:39,215 - INFO - FRONTUSDT has been tested. win rate: 0.38461538461538464, trade count: 13
2024-09-02 11:15:39,345 - INFO - FTMUSDT has been tested. win rate: 0.5, trade count: 38
2024-09-02 11:15:39,480 - INFO - FTNUSDT has been tested. win rate: 0, trade count: 0
2024-09-02 11:15:39,612 - INFO - FXSUSDT has been tested. win rate: 0.5, trade count: 10
2024-09-02 11:15:39,744 - INFO - GALAUSDT has been tested. win rate: 0.5217391304347826, trade count: 23
2024-09-02 11:15:39,876 - INFO - GASUSDT has been tested. win rate: 0.42857142857142855, trade count: 7
2024-09-02 11:15:40,009 - INFO - GFTUSDT has been tested. win rate: 0.5930232558139535, trade count: 86
2024-09-02 11:15:40,143 - INFO - GLMRUSDT has been tested. win rate: 0.5294117647058824, trade count: 34
2024-09-02 11:15:40,275 - INFO - GLMUSDT has been tested. win rate: 0.3333333333333333, trade count: 6
2024-09-02 11:15:40,412 - INFO - GMTUSDT has been tested. win rate: 0.45454545454545453, trade count: 11
2024-09-02 11:15:40,543 - INFO - GODSUSDT has been tested. win rate: 0.6875, trade count: 16
2024-09-02 11:15:40,675 - INFO - GRTUSDT has been tested. win rate: 0.4, trade count: 10
2024-09-02 11:15:40,805 - INFO - GUSDT has been tested. win rate: 0.8, trade count: 10
2024-09-02 11:15:40,937 - INFO - HBARUSDT has been tested. win rate: 0.6, trade count: 5
2024-09-02 11:15:41,071 - INFO - HFTUSDT has been tested. win rate: 0.5833333333333334, trade count: 12
2024-09-02 11:15:41,203 - INFO - HIFIUSDT has been tested. win rate: 0.6666666666666666, trade count: 9
2024-09-02 11:15:41,337 - INFO - HIGHUSDT has been tested. win rate: 0.5, trade count: 12
2024-09-02 11:15:41,472 - INFO - HOOKUSDT has been tested. win rate: 0.375, trade count: 16
2024-09-02 11:15:41,608 - INFO - ICXUSDT has been tested. win rate: 0.5, trade count: 6
2024-09-02 11:15:41,734 - INFO - IDEXUSDT has been tested. win rate: 0.547945205479452, trade count: 292
2024-09-02 11:15:41,869 - INFO - IDUSDT has been tested. win rate: 0.625, trade count: 8
2024-09-02 11:15:41,999 - INFO - IMXUSDT has been tested. win rate: 0.4482758620689655, trade count: 29
2024-09-02 11:15:42,131 - INFO - IOTAUSDT has been tested. win rate: 0.6666666666666666, trade count: 6
2024-09-02 11:15:42,262 - INFO - IOTXUSDT has been tested. win rate: 0.4, trade count: 20
2024-09-02 11:15:42,394 - INFO - IOUSDT has been tested. win rate: 0.3225806451612903, trade count: 31
2024-09-02 11:15:42,529 - INFO - JASMYUSDT has been tested. win rate: 0.6666666666666666, trade count: 15
2024-09-02 11:15:42,662 - INFO - JOEUSDT has been tested. win rate: 0.5, trade count: 14
2024-09-02 11:15:42,795 - INFO - JSTUSDT has been tested. win rate: 0.75, trade count: 4
2024-09-02 11:15:42,926 - INFO - JTOUSDT has been tested. win rate: 0.5238095238095238, trade count: 21
2024-09-02 11:15:43,060 - INFO - JUPUSDT has been tested. win rate: 0.625, trade count: 8
2024-09-02 11:15:43,189 - INFO - KASUSDT has been tested. win rate: 0.6, trade count: 5
2024-09-02 11:15:43,322 - INFO - KAVAUSDT has been tested. win rate: 0.4444444444444444, trade count: 9
2024-09-02 11:15:43,454 - INFO - KDAUSDT has been tested. win rate: 0.5277777777777778, trade count: 72
2024-09-02 11:15:43,585 - INFO - KLAYUSDT has been tested. win rate: 0.6296296296296297, trade count: 27
2024-09-02 11:15:43,717 - INFO - KNCUSDT has been tested. win rate: 0.5, trade count: 6
2024-09-02 11:15:43,844 - INFO - L3USDT has been tested. win rate: 0.6493506493506493, trade count: 154
2024-09-02 11:15:43,972 - INFO - LDOUSDT has been tested. win rate: 0.5833333333333334, trade count: 12
2024-09-02 11:15:44,104 - INFO - LISTAUSDT has been tested. win rate: 0.6521739130434783, trade count: 23
2024-09-02 11:15:44,233 - INFO - LITUSDT has been tested. win rate: 0.5652173913043478, trade count: 23
2024-09-02 11:15:44,364 - INFO - LOOKSUSDT has been tested. win rate: 0.48148148148148145, trade count: 54
2024-09-02 11:15:44,499 - INFO - LOOMUSDT has been tested. win rate: 0.6666666666666666, trade count: 3
2024-09-02 11:15:44,635 - INFO - LQTYUSDT has been tested. win rate: 0.6896551724137931, trade count: 29
2024-09-02 11:15:44,787 - INFO - LRCUSDT has been tested. win rate: 0.6666666666666666, trade count: 6
2024-09-02 11:15:44,919 - INFO - LSKUSDT has been tested. win rate: 0.5, trade count: 4
2024-09-02 11:15:45,050 - INFO - LTOUSDT has been tested. win rate: 0.6756756756756757, trade count: 37
2024-09-02 11:15:45,187 - INFO - LUNA2USDT has been tested. win rate: 0.6153846153846154, trade count: 26
2024-09-02 11:15:45,317 - INFO - MAGICUSDT has been tested. win rate: 0.5, trade count: 10
2024-09-02 11:15:45,456 - INFO - MANAUSDT has been tested. win rate: 0.5, trade count: 6
2024-09-02 11:15:45,588 - INFO - MANTAUSDT has been tested. win rate: 0.5714285714285714, trade count: 14
2024-09-02 11:15:45,720 - INFO - MASAUSDT has been tested. win rate: 0.5652173913043478, trade count: 115
2024-09-02 11:15:45,849 - INFO - MASKUSDT has been tested. win rate: 0.8, trade count: 5
2024-09-02 11:15:45,982 - INFO - MATICUSDT has been tested. win rate: 0.25, trade count: 4
2024-09-02 11:15:46,114 - INFO - MAVIAUSDT has been tested. win rate: 0.42105263157894735, trade count: 19
2024-09-02 11:15:46,245 - INFO - MAVUSDT has been tested. win rate: 0.34615384615384615, trade count: 26
2024-09-02 11:15:46,375 - INFO - MAXUSDT has been tested. win rate: 0.65625, trade count: 32
2024-09-02 11:15:46,512 - INFO - MBOXUSDT has been tested. win rate: 0.5802469135802469, trade count: 162
2024-09-02 11:15:46,649 - INFO - MDTUSDT has been tested. win rate: 0.5945945945945946, trade count: 37
2024-09-02 11:15:46,783 - INFO - MEMEUSDT has been tested. win rate: 0.7, trade count: 10
2024-09-02 11:15:46,913 - INFO - MERLUSDT has been tested. win rate: 0.575, trade count: 40
2024-09-02 11:15:47,048 - INFO - MINAUSDT has been tested. win rate: 0.5384615384615384, trade count: 13
2024-09-02 11:15:47,191 - INFO - MKRUSDT has been tested. win rate: 0.4444444444444444, trade count: 9
2024-09-02 11:15:47,325 - INFO - MNTUSDT has been tested. win rate: 0.8, trade count: 5
2024-09-02 11:15:47,454 - INFO - MOCAUSDT has been tested. win rate: 0.6, trade count: 10
2024-09-02 11:15:47,589 - INFO - MONUSDT has been tested. win rate: 0.5666666666666667, trade count: 30
2024-09-02 11:15:47,718 - INFO - MOTHERUSDT has been tested. win rate: 0.6282051282051282, trade count: 78
2024-09-02 11:15:47,850 - INFO - MTLUSDT has been tested. win rate: 0.75, trade count: 4
2024-09-02 11:15:47,981 - INFO - NEARUSDT has been tested. win rate: 0.4, trade count: 20
2024-09-02 11:15:48,115 - INFO - NFPUSDT has been tested. win rate: 0.2222222222222222, trade count: 9
2024-09-02 11:15:48,243 - INFO - NKNUSDT has been tested. win rate: 0.6428571428571429, trade count: 14
2024-09-02 11:15:48,376 - INFO - NTRNUSDT has been tested. win rate: 0.6, trade count: 10
2024-09-02 11:15:48,507 - INFO - NYANUSDT has been tested. win rate: 0.6842105263157895, trade count: 95
2024-09-02 11:15:48,637 - INFO - OGUSDT has been tested. win rate: 0.6132075471698113, trade count: 106
2024-09-02 11:15:48,772 - INFO - OMGUSDT has been tested. win rate: 0.6363636363636364, trade count: 11
2024-09-02 11:15:48,906 - INFO - OMUSDT has been tested. win rate: 0.5714285714285714, trade count: 14
2024-09-02 11:15:49,040 - INFO - ONDOUSDT has been tested. win rate: 0.75, trade count: 8
2024-09-02 11:15:49,174 - INFO - ONGUSDT has been tested. win rate: 0.6666666666666666, trade count: 6
2024-09-02 11:15:49,305 - INFO - ONTUSDT has been tested. win rate: 0.625, trade count: 8
2024-09-02 11:15:49,440 - INFO - OPUSDT has been tested. win rate: 0.5384615384615384, trade count: 13
2024-09-02 11:15:49,575 - INFO - ORBSUSDT has been tested. win rate: 0.4375, trade count: 16
2024-09-02 11:15:49,708 - INFO - ORCAUSDT has been tested. win rate: 0.42857142857142855, trade count: 21
2024-09-02 11:15:49,839 - INFO - ORNUSDT has been tested. win rate: 0.46153846153846156, trade count: 13
2024-09-02 11:15:49,967 - INFO - OSMOUSDT has been tested. win rate: 0.5, trade count: 4
2024-09-02 11:15:50,103 - INFO - PAXGUSDT has been tested. win rate: 0, trade count: 0
2024-09-02 11:15:50,234 - INFO - PENDLEUSDT has been tested. win rate: 0.30952380952380953, trade count: 42
2024-09-02 11:15:50,361 - INFO - PENGUSDT has been tested. win rate: 0.6036036036036037, trade count: 111
2024-09-02 11:15:50,492 - INFO - PEOPLEUSDT has been tested. win rate: 0.45, trade count: 60
2024-09-02 11:15:50,630 - INFO - PERPUSDT has been tested. win rate: 0.4444444444444444, trade count: 9
2024-09-02 11:15:50,756 - INFO - PHAUSDT has been tested. win rate: 0.5878787878787879, trade count: 165
2024-09-02 11:15:50,884 - INFO - PHBUSDT has been tested. win rate: 0.55, trade count: 40
2024-09-02 11:15:51,017 - INFO - PIRATEUSDT has been tested. win rate: 0.5348837209302325, trade count: 43
2024-09-02 11:15:51,147 - INFO - PIXELUSDT has been tested. win rate: 0.4444444444444444, trade count: 18
2024-09-02 11:15:51,270 - INFO - PIXFIUSDT has been tested. win rate: 0.646112600536193, trade count: 373
2024-09-02 11:15:51,405 - INFO - POLYXUSDT has been tested. win rate: 0.5, trade count: 8
2024-09-02 11:15:51,538 - INFO - PONKEUSDT has been tested. win rate: 0.5714285714285714, trade count: 70
2024-09-02 11:15:51,665 - INFO - POPCATUSDT has been tested. win rate: 0.5179856115107914, trade count: 139
2024-09-02 11:15:51,797 - INFO - PORTALUSDT has been tested. win rate: 0.5, trade count: 18
2024-09-02 11:15:51,929 - INFO - POWRUSDT has been tested. win rate: 0.6, trade count: 5
2024-09-02 11:15:52,059 - INFO - PRCLUSDT has been tested. win rate: 0.6428571428571429, trade count: 126
2024-09-02 11:15:52,192 - INFO - PROMUSDT has been tested. win rate: 1.0, trade count: 1
2024-09-02 11:15:52,330 - INFO - PYTHUSDT has been tested. win rate: 0.5714285714285714, trade count: 7
2024-09-02 11:15:52,459 - INFO - QIUSDT has been tested. win rate: 0.7142857142857143, trade count: 14
2024-09-02 11:15:52,595 - INFO - QTUMUSDT has been tested. win rate: 0.5, trade count: 4
2024-09-02 11:15:52,730 - INFO - RADUSDT has been tested. win rate: 0.6601941747572816, trade count: 103
2024-09-02 11:15:52,858 - INFO - RAREUSDT has been tested. win rate: 0.5704225352112676, trade count: 142
2024-09-02 11:15:52,990 - INFO - RAYDIUMUSDT has been tested. win rate: 0.5, trade count: 18
2024-09-02 11:15:53,128 - INFO - RAYUSDT has been tested. win rate: 0, trade count: 0
2024-09-02 11:15:53,260 - INFO - RDNTUSDT has been tested. win rate: 0.5555555555555556, trade count: 45
2024-09-02 11:15:53,390 - INFO - RENDERUSDT has been tested. win rate: 0.48484848484848486, trade count: 33
2024-09-02 11:15:53,520 - INFO - RENUSDT has been tested. win rate: 0.6176470588235294, trade count: 68
2024-09-02 11:15:53,651 - INFO - REZUSDT has been tested. win rate: 0.4666666666666667, trade count: 15
2024-09-02 11:15:53,783 - INFO - RIFUSDT has been tested. win rate: 0.6, trade count: 10
2024-09-02 11:15:53,916 - INFO - RLCUSDT has been tested. win rate: 0.5714285714285714, trade count: 14
2024-09-02 11:15:54,048 - INFO - RONUSDT has been tested. win rate: 0.5, trade count: 4
2024-09-02 11:15:54,181 - INFO - ROSEUSDT has been tested. win rate: 0.7, trade count: 10
2024-09-02 11:15:54,314 - INFO - RUNEUSDT has been tested. win rate: 0.35714285714285715, trade count: 14
2024-09-02 11:15:54,447 - INFO - SAGAUSDT has been tested. win rate: 0.5111111111111111, trade count: 45
2024-09-02 11:15:54,580 - INFO - SANDUSDT has been tested. win rate: 0.4, trade count: 5
2024-09-02 11:15:54,717 - INFO - SCAUSDT has been tested. win rate: 0.5636363636363636, trade count: 55
2024-09-02 11:15:54,848 - INFO - SFPUSDT has been tested. win rate: 0.0, trade count: 1
2024-09-02 11:15:54,978 - INFO - SHIB1000USDT has been tested. win rate: 0.42857142857142855, trade count: 7
2024-09-02 11:15:55,112 - INFO - SKLUSDT has been tested. win rate: 0.5882352941176471, trade count: 17
2024-09-02 11:15:55,244 - INFO - SLERFUSDT has been tested. win rate: 0.6428571428571429, trade count: 14
2024-09-02 11:15:55,380 - INFO - SNTUSDT has been tested. win rate: 0.85, trade count: 20
2024-09-02 11:15:55,515 - INFO - SNXUSDT has been tested. win rate: 0.5, trade count: 8
2024-09-02 11:15:55,649 - INFO - SPECUSDT has been tested. win rate: 0.5961538461538461, trade count: 52
2024-09-02 11:15:55,785 - INFO - STEEMUSDT has been tested. win rate: 0.5, trade count: 4
2024-09-02 11:15:55,924 - INFO - STGUSDT has been tested. win rate: 0.25, trade count: 4
2024-09-02 11:15:56,057 - INFO - STORJUSDT has been tested. win rate: 0.375, trade count: 8
2024-09-02 11:15:56,195 - INFO - STPTUSDT has been tested. win rate: 0.6875, trade count: 16
2024-09-02 11:15:56,333 - INFO - STRKUSDT has been tested. win rate: 0.6060606060606061, trade count: 33
2024-09-02 11:15:56,467 - INFO - SUIUSDT has been tested. win rate: 0.5384615384615384, trade count: 26
2024-09-02 11:15:56,605 - INFO - SUPERUSDT has been tested. win rate: 0.4666666666666667, trade count: 45
2024-09-02 11:15:56,738 - INFO - SUSHIUSDT has been tested. win rate: 0.5, trade count: 8
2024-09-02 11:15:56,876 - INFO - SXPUSDT has been tested. win rate: 0.5, trade count: 6
2024-09-02 11:15:57,013 - INFO - TAIKOUSDT has been tested. win rate: 0.5, trade count: 6
2024-09-02 11:15:57,148 - INFO - THETAUSDT has been tested. win rate: 0.6363636363636364, trade count: 11
2024-09-02 11:15:57,285 - INFO - TIAUSDT has been tested. win rate: 0.55, trade count: 20
2024-09-02 11:15:57,421 - INFO - TOKENUSDT has been tested. win rate: 0.5555555555555556, trade count: 27
2024-09-02 11:15:57,544 - INFO - TOMIUSDT has been tested. win rate: 0.6729559748427673, trade count: 636
2024-09-02 11:15:57,682 - INFO - TRUUSDT has been tested. win rate: 0.4, trade count: 10
2024-09-02 11:15:57,818 - INFO - TRXUSDT has been tested. win rate: 0.5, trade count: 2
2024-09-02 11:15:57,952 - INFO - TUSDT has been tested. win rate: 0.5555555555555556, trade count: 9
2024-09-02 11:15:58,089 - INFO - TWTUSDT has been tested. win rate: 0.5, trade count: 6
2024-09-02 11:15:58,223 - INFO - UMAUSDT has been tested. win rate: 0.4146341463414634, trade count: 41
2024-09-02 11:15:58,361 - INFO - UNIUSDT has been tested. win rate: 0.5714285714285714, trade count: 7
2024-09-02 11:15:58,495 - INFO - USDCUSDT has been tested. win rate: 0, trade count: 0
2024-09-02 11:15:58,632 - INFO - USDEUSDT has been tested. win rate: 0, trade count: 0
2024-09-02 11:15:58,767 - INFO - USTCUSDT has been tested. win rate: 0.5384615384615384, trade count: 26
2024-09-02 11:15:58,902 - INFO - UXLINKUSDT has been tested. win rate: 0.7857142857142857, trade count: 14
2024-09-02 11:15:59,038 - INFO - VANRYUSDT has been tested. win rate: 0.6363636363636364, trade count: 22
2024-09-02 11:15:59,173 - INFO - VETUSDT has been tested. win rate: 0.5, trade count: 4
2024-09-02 11:15:59,301 - INFO - VGXUSDT has been tested. win rate: 0.6392156862745098, trade count: 255
2024-09-02 11:15:59,432 - INFO - WAVESUSDT has been tested. win rate: 0.5714285714285714, trade count: 21
2024-09-02 11:15:59,568 - INFO - WAXPUSDT has been tested. win rate: 0.42857142857142855, trade count: 7
2024-09-02 11:15:59,707 - INFO - WIFUSDT has been tested. win rate: 0.5, trade count: 40
2024-09-02 11:15:59,842 - INFO - WOOUSDT has been tested. win rate: 0.4, trade count: 10
2024-09-02 11:15:59,982 - INFO - WUSDT has been tested. win rate: 0.5, trade count: 16
2024-09-02 11:16:00,120 - INFO - XAIUSDT has been tested. win rate: 0.3888888888888889, trade count: 18
2024-09-02 11:16:00,257 - INFO - XEMUSDT has been tested. win rate: 0.6666666666666666, trade count: 6
2024-09-02 11:16:00,395 - INFO - XLMUSDT has been tested. win rate: 1.0, trade count: 1
2024-09-02 11:16:00,535 - INFO - XRDUSDT has been tested. win rate: 1.0, trade count: 1
2024-09-02 11:16:00,675 - INFO - XRPUSDT has been tested. win rate: 0.6666666666666666, trade count: 3
2024-09-02 11:16:00,809 - INFO - XTZUSDT has been tested. win rate: 0.5, trade count: 4
2024-09-02 11:16:00,947 - INFO - XVSUSDT has been tested. win rate: 0.625, trade count: 8
2024-09-02 11:16:01,085 - INFO - YFIUSDT has been tested. win rate: 0.0, trade count: 4
2024-09-02 11:16:01,222 - INFO - YGGUSDT has been tested. win rate: 0.46153846153846156, trade count: 13
2024-09-02 11:16:01,364 - INFO - ZETAUSDT has been tested. win rate: 0.5833333333333334, trade count: 12
2024-09-02 11:16:01,501 - INFO - ZEUSUSDT has been tested. win rate: 0.6666666666666666, trade count: 27
2024-09-02 11:16:01,637 - INFO - ZILUSDT has been tested. win rate: 0.6666666666666666, trade count: 6
2024-09-02 11:16:01,772 - INFO - ZKJUSDT has been tested. win rate: 0.4166666666666667, trade count: 12
2024-09-02 11:16:01,905 - INFO - ZKUSDT has been tested. win rate: 0.6666666666666666, trade count: 12
2024-09-02 11:16:02,041 - INFO - ZROUSDT has been tested. win rate: 0.5, trade count: 36
2024-09-02 11:16:02,175 - INFO - ZRXUSDT has been tested. win rate: 0.42857142857142855, trade count: 7
